<testsuites>
	<testsuite id="1" tests="3" failures="3" package="/Users/alierendasdemir/IdeaProjects/Gauge_Exmpl/specs/Specs/loginbyproperties.spec" time="7.788" timestamp="2024-07-21T01:23:18" name="Login with parameters" errors="0" hostname="192.168.1.53">
		<properties></properties>
		<testcase classname="Login with parameters" name="Login by parameters &#34;username&#34; 1" time="7.782">
			<failure message="Go to login page as guest user&#xA;Concept Execution Failure: &#39;org.openqa.selenium.json.JsonException: java.lang.reflect.InvocationTargetException&#xA;Build info: version: &#39;4.11.0&#39;, revision: &#39;040bc5406b&#39;&#xA;System info: os.name: &#39;Mac OS X&#39;, os.arch: &#39;aarch64&#39;, os.version: &#39;14.5&#39;, java.version: &#39;20.0.2&#39;&#xA;Driver info: org.openqa.selenium.chrome.ChromeDriver&#xA;Command: [116173759b64d29a7306b04b3981b91c, actions {actions=[org.openqa.selenium.interactions.Sequence@1fc839ce]}]&#xA;Capabilities {acceptInsecureCerts: false, browserName: chrome, browserVersion: 126.0.6478.183, chrome: {chromedriverVersion: 126.0.6478.182 (5b5d8292ddf..., userDataDir: /var/folders/fc/7xrvm23n7fl...}, fedcm:accounts: true, goog:chromeOptions: {debuggerAddress: localhost:63204}, networkConnectionEnabled: false, pageLoadStrategy: normal, platformName: mac, proxy: Proxy(), se:cdp: ws://localhost:63204/devtoo..., se:cdpVersion: 126.0.6478.183, setWindowRect: true, strictFileInteractability: false, timeouts: {implicit: 0, pageLoad: 300000, script: 30000}, unhandledPromptBehavior: dismiss and notify, webauthn:extension:credBlob: true, webauthn:extension:largeBlob: true, webauthn:extension:minPinLength: true, webauthn:extension:prf: true, webauthn:virtualAuthenticators: true}&#xA;Session ID: 116173759b64d29a7306b04b3981b91c&#39;" type="Go to login page as guest user&#xA;Concept Execution Failure: &#39;org.openqa.selenium.json.JsonException: java.lang.reflect.InvocationTargetException&#xA;Build info: version: &#39;4.11.0&#39;, revision: &#39;040bc5406b&#39;&#xA;System info: os.name: &#39;Mac OS X&#39;, os.arch: &#39;aarch64&#39;, os.version: &#39;14.5&#39;, java.version: &#39;20.0.2&#39;&#xA;Driver info: org.openqa.selenium.chrome.ChromeDriver&#xA;Command: [116173759b64d29a7306b04b3981b91c, actions {actions=[org.openqa.selenium.interactions.Sequence@1fc839ce]}]&#xA;Capabilities {acceptInsecureCerts: false, browserName: chrome, browserVersion: 126.0.6478.183, chrome: {chromedriverVersion: 126.0.6478.182 (5b5d8292ddf..., userDataDir: /var/folders/fc/7xrvm23n7fl...}, fedcm:accounts: true, goog:chromeOptions: {debuggerAddress: localhost:63204}, networkConnectionEnabled: false, pageLoadStrategy: normal, platformName: mac, proxy: Proxy(), se:cdp: ws://localhost:63204/devtoo..., se:cdpVersion: 126.0.6478.183, setWindowRect: true, strictFileInteractability: false, timeouts: {implicit: 0, pageLoad: 300000, script: 30000}, unhandledPromptBehavior: dismiss and notify, webauthn:extension:credBlob: true, webauthn:extension:largeBlob: true, webauthn:extension:minPinLength: true, webauthn:extension:prf: true, webauthn:virtualAuthenticators: true}&#xA;Session ID: 116173759b64d29a7306b04b3981b91c&#39;">org.openqa.selenium.json.JsonException: java.lang.reflect.InvocationTargetException&#xA;Build info: version: &#39;4.11.0&#39;, revision: &#39;040bc5406b&#39;&#xA;System info: os.name: &#39;Mac OS X&#39;, os.arch: &#39;aarch64&#39;, os.version: &#39;14.5&#39;, java.version: &#39;20.0.2&#39;&#xA;Driver info: org.openqa.selenium.chrome.ChromeDriver&#xA;Command: [116173759b64d29a7306b04b3981b91c, actions {actions=[org.openqa.selenium.interactions.Sequence@1fc839ce]}]&#xA;Capabilities {acceptInsecureCerts: false, browserName: chrome, browserVersion: 126.0.6478.183, chrome: {chromedriverVersion: 126.0.6478.182 (5b5d8292ddf..., userDataDir: /var/folders/fc/7xrvm23n7fl...}, fedcm:accounts: true, goog:chromeOptions: {debuggerAddress: localhost:63204}, networkConnectionEnabled: false, pageLoadStrategy: normal, platformName: mac, proxy: Proxy(), se:cdp: ws://localhost:63204/devtoo..., se:cdpVersion: 126.0.6478.183, setWindowRect: true, strictFileInteractability: false, timeouts: {implicit: 0, pageLoad: 300000, script: 30000}, unhandledPromptBehavior: dismiss and notify, webauthn:extension:credBlob: true, webauthn:extension:largeBlob: true, webauthn:extension:minPinLength: true, webauthn:extension:prf: true, webauthn:virtualAuthenticators: true}&#xA;Session ID: 116173759b64d29a7306b04b3981b91c&#xA;&#x9;at org.openqa.selenium.json.JsonOutput.convertUsingMethod(JsonOutput.java:415)&#xA;&#x9;at org.openqa.selenium.json.JsonOutput.lambda$new$16(JsonOutput.java:178)&#xA;&#x9;at org.openqa.selenium.json.JsonOutput.write0(JsonOutput.java:341)&#xA;&#x9;at org.openqa.selenium.json.JsonOutput.lambda$new$22(JsonOutput.java:200)&#xA;&#x9;at java.base/java.util.stream.ForEachOps$ForEachOp$OfRef.accept(ForEachOps.java:183)&#xA;&#x9;at java.base/java.util.stream.ReferencePipeline$2$1.accept(ReferencePipeline.java:179)&#xA;&#x9;at java.base/java.util.Iterator.forEachRemaining(Iterator.java:133)&#xA;&#x9;at java.base/java.util.Spliterators$IteratorSpliterator.forEachRemaining(Spliterators.java:1921)&#xA;&#x9;at java.base/java.util.stream.AbstractPipeline.copyInto(AbstractPipeline.java:509)&#xA;&#x9;at java.base/java.util.stream.AbstractPipeline.wrapAndCopyInto(AbstractPipeline.java:499)&#xA;&#x9;at java.base/java.util.stream.ForEachOps$ForEachOp.evaluateSequential(ForEachOps.java:150)&#xA;&#x9;at java.base/java.util.stream.ForEachOps$ForEachOp$OfRef.evaluateSequential(ForEachOps.java:173)&#xA;&#x9;at java.base/java.util.stream.AbstractPipeline.evaluate(AbstractPipeline.java:234)&#xA;&#x9;at java.base/java.util.stream.ReferencePipeline.forEach(ReferencePipeline.java:596)&#xA;&#x9;at org.openqa.selenium.json.JsonOutput.lambda$new$23(JsonOutput.java:200)&#xA;&#x9;at org.openqa.selenium.json.JsonOutput.write0(JsonOutput.java:341)&#xA;&#x9;at org.openqa.selenium.json.JsonOutput.lambda$new$24(JsonOutput.java:218)&#xA;&#x9;at com.google.common.collect.SingletonImmutableBiMap.forEach(SingletonImmutableBiMap.java:70)&#xA;&#x9;at org.openqa.selenium.json.JsonOutput.lambda$new$25(JsonOutput.java:213)&#xA;&#x9;at org.openqa.selenium.json.JsonOutput.write0(JsonOutput.java:341)&#xA;&#x9;at org.openqa.selenium.json.JsonOutput.write(JsonOutput.java:332)&#xA;&#x9;at org.openqa.selenium.json.Json.toJson(Json.java:47)&#xA;&#x9;at org.openqa.selenium.json.Json.toJson(Json.java:41)&#xA;&#x9;at org.openqa.selenium.remote.codec.AbstractHttpCommandCodec.encode(AbstractHttpCommandCodec.java:273)&#xA;&#x9;at org.openqa.selenium.remote.codec.AbstractHttpCommandCodec.encode(AbstractHttpCommandCodec.java:127)&#xA;&#x9;at org.openqa.selenium.remote.HttpCommandExecutor.execute(HttpCommandExecutor.java:179)&#xA;&#x9;at org.openqa.selenium.remote.service.DriverCommandExecutor.invokeExecute(DriverCommandExecutor.java:196)&#xA;&#x9;at org.openqa.selenium.remote.service.DriverCommandExecutor.execute(DriverCommandExecutor.java:171)&#xA;&#x9;at org.openqa.selenium.remote.RemoteWebDriver.execute(RemoteWebDriver.java:518)&#xA;&#x9;at org.openqa.selenium.remote.RemoteWebDriver.perform(RemoteWebDriver.java:604)&#xA;&#x9;at org.openqa.selenium.interactions.Actions$BuiltAction.perform(Actions.java:605)&#xA;&#x9;at org.openqa.selenium.interactions.Actions.perform(Actions.java:574)&#xA;&#x9;at StepImplementation.GoToLoginPageAsGuestUser(StepImplementation.java:58)&#xA;&#x9;at java.base/jdk.internal.reflect.DirectMethodHandleAccessor.invoke(DirectMethodHandleAccessor.java:104)&#xA;&#x9;at java.base/java.lang.reflect.Method.invoke(Method.java:578)&#xA;&#x9;at com.thoughtworks.gauge.execution.MethodExecutor.execute(MethodExecutor.java:30)&#xA;&#x9;at com.thoughtworks.gauge.execution.StepExecutionStage.executeStepMethod(StepExecutionStage.java:66)&#xA;&#x9;at com.thoughtworks.gauge.execution.StepExecutionStage.executeStep(StepExecutionStage.java:59)&#xA;&#x9;at com.thoughtworks.gauge.execution.StepExecutionStage.execute(StepExecutionStage.java:41)&#xA;&#x9;at com.thoughtworks.gauge.execution.AbstractExecutionStage.executeNext(AbstractExecutionStage.java:14)&#xA;&#x9;at com.thoughtworks.gauge.execution.HookExecutionStage.execute(HookExecutionStage.java:33)&#xA;&#x9;at com.thoughtworks.gauge.execution.ExecutionPipeline.start(ExecutionPipeline.java:19)&#xA;&#x9;at com.thoughtworks.gauge.processor.ExecuteStepProcessor.process(ExecuteStepProcessor.java:44)&#xA;&#x9;at com.thoughtworks.gauge.RunnerServiceHandler.lambda$executeStep$7(RunnerServiceHandler.java:166)&#xA;&#x9;at java.base/java.util.concurrent.ThreadPoolExecutor.runWorker(ThreadPoolExecutor.java:1144)&#xA;&#x9;at java.base/java.util.concurrent.ThreadPoolExecutor$Worker.run(ThreadPoolExecutor.java:642)&#xA;&#x9;at java.base/java.lang.Thread.run(Thread.java:1623)&#xA;&#x9;Suppressed: org.openqa.selenium.json.JsonException: Attempting to close incomplete json stream&#xA;Build info: version: &#39;4.11.0&#39;, revision: &#39;040bc5406b&#39;&#xA;System info: os.name: &#39;Mac OS X&#39;, os.arch: &#39;aarch64&#39;, os.version: &#39;14.5&#39;, java.version: &#39;20.0.2&#39;&#xA;Driver info: driver.version: RemoteWebDriver&#xA;&#x9;&#x9;at org.openqa.selenium.json.JsonOutput.close(JsonOutput.java:357)&#xA;&#x9;&#x9;at org.openqa.selenium.json.Json.toJson(Json.java:45)&#xA;&#x9;&#x9;... 25 more&#xA;Caused by: java.lang.reflect.InvocationTargetException&#xA;&#x9;at java.base/jdk.internal.reflect.DirectMethodHandleAccessor.invoke(DirectMethodHandleAccessor.java:119)&#xA;&#x9;at java.base/java.lang.reflect.Method.invoke(Method.java:578)&#xA;&#x9;at org.openqa.selenium.json.JsonOutput.convertUsingMethod(JsonOutput.java:411)&#xA;&#x9;... 46 more&#xA;Caused by: org.openqa.selenium.NoSuchElementException: Unable to find element with locator By.id: myAccount&#xA;For documentation on this error, please visit: https://www.selenium.dev/documentation/webdriver/troubleshooting/errors#no-such-element-exception&#xA;Build info: version: &#39;4.11.0&#39;, revision: &#39;040bc5406b&#39;&#xA;System info: os.name: &#39;Mac OS X&#39;, os.arch: &#39;aarch64&#39;, os.version: &#39;14.5&#39;, java.version: &#39;20.0.2&#39;&#xA;Driver info: driver.version: RemoteWebDriver&#xA;&#x9;at org.openqa.selenium.remote.ElementLocation$ElementFinder$2.findElement(ElementLocation.java:168)&#xA;&#x9;at org.openqa.selenium.remote.ElementLocation.findElement(ElementLocation.java:66)&#xA;&#x9;at org.openqa.selenium.remote.RemoteWebDriver.findElement(RemoteWebDriver.java:355)&#xA;&#x9;at org.openqa.selenium.remote.RemoteWebDriver.findElement(RemoteWebDriver.java:349)&#xA;&#x9;at org.openqa.selenium.support.pagefactory.DefaultElementLocator.findElement(DefaultElementLocator.java:68)&#xA;&#x9;at org.openqa.selenium.support.pagefactory.internal.LocatingElementHandler.invoke(LocatingElementHandler.java:38)&#xA;&#x9;at jdk.proxy2/jdk.proxy2.$Proxy36.getWrappedElement(Unknown Source)&#xA;&#x9;at org.openqa.selenium.interactions.PointerInput$Origin.asArg(PointerInput.java:275)&#xA;&#x9;at org.openqa.selenium.interactions.PointerInput$Move.encode(PointerInput.java:224)&#xA;&#x9;at org.openqa.selenium.interactions.Sequence.encode(Sequence.java:72)&#xA;&#x9;at org.openqa.selenium.interactions.Sequence.toJson(Sequence.java:81)&#xA;&#x9;at java.base/jdk.internal.reflect.DirectMethodHandleAccessor.invoke(DirectMethodHandleAccessor.java:104)&#xA;&#x9;... 48 more&#xA;</failure>
		</testcase>
		<testcase classname="Login with parameters" name="Login by parameters &#34;username&#34; 2" time="0.003">
			<failure message="Go to login page as guest user&#xA;Concept Execution Failure: &#39;org.openqa.selenium.json.JsonException: java.lang.reflect.InvocationTargetException&#xA;Build info: version: &#39;4.11.0&#39;, revision: &#39;040bc5406b&#39;&#xA;System info: os.name: &#39;Mac OS X&#39;, os.arch: &#39;aarch64&#39;, os.version: &#39;14.5&#39;, java.version: &#39;20.0.2&#39;&#xA;Driver info: org.openqa.selenium.chrome.ChromeDriver&#xA;Command: [116173759b64d29a7306b04b3981b91c, actions {actions=[org.openqa.selenium.interactions.Sequence@73033bb6]}]&#xA;Capabilities {acceptInsecureCerts: false, browserName: chrome, browserVersion: 126.0.6478.183, chrome: {chromedriverVersion: 126.0.6478.182 (5b5d8292ddf..., userDataDir: /var/folders/fc/7xrvm23n7fl...}, fedcm:accounts: true, goog:chromeOptions: {debuggerAddress: localhost:63204}, networkConnectionEnabled: false, pageLoadStrategy: normal, platformName: mac, proxy: Proxy(), se:cdp: ws://localhost:63204/devtoo..., se:cdpVersion: 126.0.6478.183, setWindowRect: true, strictFileInteractability: false, timeouts: {implicit: 0, pageLoad: 300000, script: 30000}, unhandledPromptBehavior: dismiss and notify, webauthn:extension:credBlob: true, webauthn:extension:largeBlob: true, webauthn:extension:minPinLength: true, webauthn:extension:prf: true, webauthn:virtualAuthenticators: true}&#xA;Session ID: 116173759b64d29a7306b04b3981b91c&#39;" type="Go to login page as guest user&#xA;Concept Execution Failure: &#39;org.openqa.selenium.json.JsonException: java.lang.reflect.InvocationTargetException&#xA;Build info: version: &#39;4.11.0&#39;, revision: &#39;040bc5406b&#39;&#xA;System info: os.name: &#39;Mac OS X&#39;, os.arch: &#39;aarch64&#39;, os.version: &#39;14.5&#39;, java.version: &#39;20.0.2&#39;&#xA;Driver info: org.openqa.selenium.chrome.ChromeDriver&#xA;Command: [116173759b64d29a7306b04b3981b91c, actions {actions=[org.openqa.selenium.interactions.Sequence@73033bb6]}]&#xA;Capabilities {acceptInsecureCerts: false, browserName: chrome, browserVersion: 126.0.6478.183, chrome: {chromedriverVersion: 126.0.6478.182 (5b5d8292ddf..., userDataDir: /var/folders/fc/7xrvm23n7fl...}, fedcm:accounts: true, goog:chromeOptions: {debuggerAddress: localhost:63204}, networkConnectionEnabled: false, pageLoadStrategy: normal, platformName: mac, proxy: Proxy(), se:cdp: ws://localhost:63204/devtoo..., se:cdpVersion: 126.0.6478.183, setWindowRect: true, strictFileInteractability: false, timeouts: {implicit: 0, pageLoad: 300000, script: 30000}, unhandledPromptBehavior: dismiss and notify, webauthn:extension:credBlob: true, webauthn:extension:largeBlob: true, webauthn:extension:minPinLength: true, webauthn:extension:prf: true, webauthn:virtualAuthenticators: true}&#xA;Session ID: 116173759b64d29a7306b04b3981b91c&#39;">org.openqa.selenium.json.JsonException: java.lang.reflect.InvocationTargetException&#xA;Build info: version: &#39;4.11.0&#39;, revision: &#39;040bc5406b&#39;&#xA;System info: os.name: &#39;Mac OS X&#39;, os.arch: &#39;aarch64&#39;, os.version: &#39;14.5&#39;, java.version: &#39;20.0.2&#39;&#xA;Driver info: org.openqa.selenium.chrome.ChromeDriver&#xA;Command: [116173759b64d29a7306b04b3981b91c, actions {actions=[org.openqa.selenium.interactions.Sequence@73033bb6]}]&#xA;Capabilities {acceptInsecureCerts: false, browserName: chrome, browserVersion: 126.0.6478.183, chrome: {chromedriverVersion: 126.0.6478.182 (5b5d8292ddf..., userDataDir: /var/folders/fc/7xrvm23n7fl...}, fedcm:accounts: true, goog:chromeOptions: {debuggerAddress: localhost:63204}, networkConnectionEnabled: false, pageLoadStrategy: normal, platformName: mac, proxy: Proxy(), se:cdp: ws://localhost:63204/devtoo..., se:cdpVersion: 126.0.6478.183, setWindowRect: true, strictFileInteractability: false, timeouts: {implicit: 0, pageLoad: 300000, script: 30000}, unhandledPromptBehavior: dismiss and notify, webauthn:extension:credBlob: true, webauthn:extension:largeBlob: true, webauthn:extension:minPinLength: true, webauthn:extension:prf: true, webauthn:virtualAuthenticators: true}&#xA;Session ID: 116173759b64d29a7306b04b3981b91c&#xA;&#x9;at org.openqa.selenium.json.JsonOutput.convertUsingMethod(JsonOutput.java:415)&#xA;&#x9;at org.openqa.selenium.json.JsonOutput.lambda$new$16(JsonOutput.java:178)&#xA;&#x9;at org.openqa.selenium.json.JsonOutput.write0(JsonOutput.java:341)&#xA;&#x9;at org.openqa.selenium.json.JsonOutput.lambda$new$22(JsonOutput.java:200)&#xA;&#x9;at java.base/java.util.stream.ForEachOps$ForEachOp$OfRef.accept(ForEachOps.java:183)&#xA;&#x9;at java.base/java.util.stream.ReferencePipeline$2$1.accept(ReferencePipeline.java:179)&#xA;&#x9;at java.base/java.util.Iterator.forEachRemaining(Iterator.java:133)&#xA;&#x9;at java.base/java.util.Spliterators$IteratorSpliterator.forEachRemaining(Spliterators.java:1921)&#xA;&#x9;at java.base/java.util.stream.AbstractPipeline.copyInto(AbstractPipeline.java:509)&#xA;&#x9;at java.base/java.util.stream.AbstractPipeline.wrapAndCopyInto(AbstractPipeline.java:499)&#xA;&#x9;at java.base/java.util.stream.ForEachOps$ForEachOp.evaluateSequential(ForEachOps.java:150)&#xA;&#x9;at java.base/java.util.stream.ForEachOps$ForEachOp$OfRef.evaluateSequential(ForEachOps.java:173)&#xA;&#x9;at java.base/java.util.stream.AbstractPipeline.evaluate(AbstractPipeline.java:234)&#xA;&#x9;at java.base/java.util.stream.ReferencePipeline.forEach(ReferencePipeline.java:596)&#xA;&#x9;at org.openqa.selenium.json.JsonOutput.lambda$new$23(JsonOutput.java:200)&#xA;&#x9;at org.openqa.selenium.json.JsonOutput.write0(JsonOutput.java:341)&#xA;&#x9;at org.openqa.selenium.json.JsonOutput.lambda$new$24(JsonOutput.java:218)&#xA;&#x9;at com.google.common.collect.SingletonImmutableBiMap.forEach(SingletonImmutableBiMap.java:70)&#xA;&#x9;at org.openqa.selenium.json.JsonOutput.lambda$new$25(JsonOutput.java:213)&#xA;&#x9;at org.openqa.selenium.json.JsonOutput.write0(JsonOutput.java:341)&#xA;&#x9;at org.openqa.selenium.json.JsonOutput.write(JsonOutput.java:332)&#xA;&#x9;at org.openqa.selenium.json.Json.toJson(Json.java:47)&#xA;&#x9;at org.openqa.selenium.json.Json.toJson(Json.java:41)&#xA;&#x9;at org.openqa.selenium.remote.codec.AbstractHttpCommandCodec.encode(AbstractHttpCommandCodec.java:273)&#xA;&#x9;at org.openqa.selenium.remote.codec.AbstractHttpCommandCodec.encode(AbstractHttpCommandCodec.java:127)&#xA;&#x9;at org.openqa.selenium.remote.HttpCommandExecutor.execute(HttpCommandExecutor.java:179)&#xA;&#x9;at org.openqa.selenium.remote.service.DriverCommandExecutor.invokeExecute(DriverCommandExecutor.java:196)&#xA;&#x9;at org.openqa.selenium.remote.service.DriverCommandExecutor.execute(DriverCommandExecutor.java:171)&#xA;&#x9;at org.openqa.selenium.remote.RemoteWebDriver.execute(RemoteWebDriver.java:518)&#xA;&#x9;at org.openqa.selenium.remote.RemoteWebDriver.perform(RemoteWebDriver.java:604)&#xA;&#x9;at org.openqa.selenium.interactions.Actions$BuiltAction.perform(Actions.java:605)&#xA;&#x9;at org.openqa.selenium.interactions.Actions.perform(Actions.java:574)&#xA;&#x9;at StepImplementation.GoToLoginPageAsGuestUser(StepImplementation.java:58)&#xA;&#x9;at java.base/jdk.internal.reflect.DirectMethodHandleAccessor.invoke(DirectMethodHandleAccessor.java:104)&#xA;&#x9;at java.base/java.lang.reflect.Method.invoke(Method.java:578)&#xA;&#x9;at com.thoughtworks.gauge.execution.MethodExecutor.execute(MethodExecutor.java:30)&#xA;&#x9;at com.thoughtworks.gauge.execution.StepExecutionStage.executeStepMethod(StepExecutionStage.java:66)&#xA;&#x9;at com.thoughtworks.gauge.execution.StepExecutionStage.executeStep(StepExecutionStage.java:59)&#xA;&#x9;at com.thoughtworks.gauge.execution.StepExecutionStage.execute(StepExecutionStage.java:41)&#xA;&#x9;at com.thoughtworks.gauge.execution.AbstractExecutionStage.executeNext(AbstractExecutionStage.java:14)&#xA;&#x9;at com.thoughtworks.gauge.execution.HookExecutionStage.execute(HookExecutionStage.java:33)&#xA;&#x9;at com.thoughtworks.gauge.execution.ExecutionPipeline.start(ExecutionPipeline.java:19)&#xA;&#x9;at com.thoughtworks.gauge.processor.ExecuteStepProcessor.process(ExecuteStepProcessor.java:44)&#xA;&#x9;at com.thoughtworks.gauge.RunnerServiceHandler.lambda$executeStep$7(RunnerServiceHandler.java:166)&#xA;&#x9;at java.base/java.util.concurrent.ThreadPoolExecutor.runWorker(ThreadPoolExecutor.java:1144)&#xA;&#x9;at java.base/java.util.concurrent.ThreadPoolExecutor$Worker.run(ThreadPoolExecutor.java:642)&#xA;&#x9;at java.base/java.lang.Thread.run(Thread.java:1623)&#xA;&#x9;Suppressed: org.openqa.selenium.json.JsonException: Attempting to close incomplete json stream&#xA;Build info: version: &#39;4.11.0&#39;, revision: &#39;040bc5406b&#39;&#xA;System info: os.name: &#39;Mac OS X&#39;, os.arch: &#39;aarch64&#39;, os.version: &#39;14.5&#39;, java.version: &#39;20.0.2&#39;&#xA;Driver info: driver.version: RemoteWebDriver&#xA;&#x9;&#x9;at org.openqa.selenium.json.JsonOutput.close(JsonOutput.java:357)&#xA;&#x9;&#x9;at org.openqa.selenium.json.Json.toJson(Json.java:45)&#xA;&#x9;&#x9;... 25 more&#xA;Caused by: java.lang.reflect.InvocationTargetException&#xA;&#x9;at java.base/jdk.internal.reflect.DirectMethodHandleAccessor.invoke(DirectMethodHandleAccessor.java:119)&#xA;&#x9;at java.base/java.lang.reflect.Method.invoke(Method.java:578)&#xA;&#x9;at org.openqa.selenium.json.JsonOutput.convertUsingMethod(JsonOutput.java:411)&#xA;&#x9;... 46 more&#xA;Caused by: org.openqa.selenium.NoSuchWindowException: no such window: target window already closed&#xA;from unknown error: web view not found&#xA;  (Session info: chrome=126.0.6478.183)&#xA;Build info: version: &#39;4.11.0&#39;, revision: &#39;040bc5406b&#39;&#xA;System info: os.name: &#39;Mac OS X&#39;, os.arch: &#39;aarch64&#39;, os.version: &#39;14.5&#39;, java.version: &#39;20.0.2&#39;&#xA;Driver info: org.openqa.selenium.chrome.ChromeDriver&#xA;Command: [116173759b64d29a7306b04b3981b91c, findElement {using=id, value=myAccount}]&#xA;Capabilities {acceptInsecureCerts: false, browserName: chrome, browserVersion: 126.0.6478.183, chrome: {chromedriverVersion: 126.0.6478.182 (5b5d8292ddf..., userDataDir: /var/folders/fc/7xrvm23n7fl...}, fedcm:accounts: true, goog:chromeOptions: {debuggerAddress: localhost:63204}, networkConnectionEnabled: false, pageLoadStrategy: normal, platformName: mac, proxy: Proxy(), se:cdp: ws://localhost:63204/devtoo..., se:cdpVersion: 126.0.6478.183, setWindowRect: true, strictFileInteractability: false, timeouts: {implicit: 0, pageLoad: 300000, script: 30000}, unhandledPromptBehavior: dismiss and notify, webauthn:extension:credBlob: true, webauthn:extension:largeBlob: true, webauthn:extension:minPinLength: true, webauthn:extension:prf: true, webauthn:virtualAuthenticators: true}&#xA;Session ID: 116173759b64d29a7306b04b3981b91c&#xA;&#x9;at java.base/jdk.internal.reflect.DirectConstructorHandleAccessor.newInstance(DirectConstructorHandleAccessor.java:67)&#xA;&#x9;at java.base/java.lang.reflect.Constructor.newInstanceWithCaller(Constructor.java:500)&#xA;&#x9;at java.base/java.lang.reflect.Constructor.newInstance(Constructor.java:484)&#xA;&#x9;at org.openqa.selenium.remote.codec.w3c.W3CHttpResponseCodec.createException(W3CHttpResponseCodec.java:200)&#xA;&#x9;at org.openqa.selenium.remote.codec.w3c.W3CHttpResponseCodec.decode(W3CHttpResponseCodec.java:133)&#xA;&#x9;at org.openqa.selenium.remote.codec.w3c.W3CHttpResponseCodec.decode(W3CHttpResponseCodec.java:52)&#xA;&#x9;at org.openqa.selenium.remote.HttpCommandExecutor.execute(HttpCommandExecutor.java:191)&#xA;&#x9;at org.openqa.selenium.remote.service.DriverCommandExecutor.invokeExecute(DriverCommandExecutor.java:196)&#xA;&#x9;at org.openqa.selenium.remote.service.DriverCommandExecutor.execute(DriverCommandExecutor.java:171)&#xA;&#x9;at org.openqa.selenium.remote.RemoteWebDriver.execute(RemoteWebDriver.java:518)&#xA;&#x9;at org.openqa.selenium.remote.ElementLocation$ElementFinder$2.findElement(ElementLocation.java:165)&#xA;&#x9;at org.openqa.selenium.remote.ElementLocation.findElement(ElementLocation.java:59)&#xA;&#x9;at org.openqa.selenium.remote.RemoteWebDriver.findElement(RemoteWebDriver.java:355)&#xA;&#x9;at org.openqa.selenium.remote.RemoteWebDriver.findElement(RemoteWebDriver.java:349)&#xA;&#x9;at org.openqa.selenium.support.pagefactory.DefaultElementLocator.findElement(DefaultElementLocator.java:68)&#xA;&#x9;at org.openqa.selenium.support.pagefactory.internal.LocatingElementHandler.invoke(LocatingElementHandler.java:38)&#xA;&#x9;at jdk.proxy2/jdk.proxy2.$Proxy36.getWrappedElement(Unknown Source)&#xA;&#x9;at org.openqa.selenium.interactions.PointerInput$Origin.asArg(PointerInput.java:275)&#xA;&#x9;at org.openqa.selenium.interactions.PointerInput$Move.encode(PointerInput.java:224)&#xA;&#x9;at org.openqa.selenium.interactions.Sequence.encode(Sequence.java:72)&#xA;&#x9;at org.openqa.selenium.interactions.Sequence.toJson(Sequence.java:81)&#xA;&#x9;at java.base/jdk.internal.reflect.DirectMethodHandleAccessor.invoke(DirectMethodHandleAccessor.java:104)&#xA;&#x9;... 48 more&#xA;</failure>
		</testcase>
		<testcase classname="Login with parameters" name="Login by parameters &#34;username&#34; 3" time="0.003">
			<failure message="Go to login page as guest user&#xA;Concept Execution Failure: &#39;org.openqa.selenium.json.JsonException: java.lang.reflect.InvocationTargetException&#xA;Build info: version: &#39;4.11.0&#39;, revision: &#39;040bc5406b&#39;&#xA;System info: os.name: &#39;Mac OS X&#39;, os.arch: &#39;aarch64&#39;, os.version: &#39;14.5&#39;, java.version: &#39;20.0.2&#39;&#xA;Driver info: org.openqa.selenium.chrome.ChromeDriver&#xA;Command: [116173759b64d29a7306b04b3981b91c, actions {actions=[org.openqa.selenium.interactions.Sequence@2e7efd01]}]&#xA;Capabilities {acceptInsecureCerts: false, browserName: chrome, browserVersion: 126.0.6478.183, chrome: {chromedriverVersion: 126.0.6478.182 (5b5d8292ddf..., userDataDir: /var/folders/fc/7xrvm23n7fl...}, fedcm:accounts: true, goog:chromeOptions: {debuggerAddress: localhost:63204}, networkConnectionEnabled: false, pageLoadStrategy: normal, platformName: mac, proxy: Proxy(), se:cdp: ws://localhost:63204/devtoo..., se:cdpVersion: 126.0.6478.183, setWindowRect: true, strictFileInteractability: false, timeouts: {implicit: 0, pageLoad: 300000, script: 30000}, unhandledPromptBehavior: dismiss and notify, webauthn:extension:credBlob: true, webauthn:extension:largeBlob: true, webauthn:extension:minPinLength: true, webauthn:extension:prf: true, webauthn:virtualAuthenticators: true}&#xA;Session ID: 116173759b64d29a7306b04b3981b91c&#39;" type="Go to login page as guest user&#xA;Concept Execution Failure: &#39;org.openqa.selenium.json.JsonException: java.lang.reflect.InvocationTargetException&#xA;Build info: version: &#39;4.11.0&#39;, revision: &#39;040bc5406b&#39;&#xA;System info: os.name: &#39;Mac OS X&#39;, os.arch: &#39;aarch64&#39;, os.version: &#39;14.5&#39;, java.version: &#39;20.0.2&#39;&#xA;Driver info: org.openqa.selenium.chrome.ChromeDriver&#xA;Command: [116173759b64d29a7306b04b3981b91c, actions {actions=[org.openqa.selenium.interactions.Sequence@2e7efd01]}]&#xA;Capabilities {acceptInsecureCerts: false, browserName: chrome, browserVersion: 126.0.6478.183, chrome: {chromedriverVersion: 126.0.6478.182 (5b5d8292ddf..., userDataDir: /var/folders/fc/7xrvm23n7fl...}, fedcm:accounts: true, goog:chromeOptions: {debuggerAddress: localhost:63204}, networkConnectionEnabled: false, pageLoadStrategy: normal, platformName: mac, proxy: Proxy(), se:cdp: ws://localhost:63204/devtoo..., se:cdpVersion: 126.0.6478.183, setWindowRect: true, strictFileInteractability: false, timeouts: {implicit: 0, pageLoad: 300000, script: 30000}, unhandledPromptBehavior: dismiss and notify, webauthn:extension:credBlob: true, webauthn:extension:largeBlob: true, webauthn:extension:minPinLength: true, webauthn:extension:prf: true, webauthn:virtualAuthenticators: true}&#xA;Session ID: 116173759b64d29a7306b04b3981b91c&#39;">org.openqa.selenium.json.JsonException: java.lang.reflect.InvocationTargetException&#xA;Build info: version: &#39;4.11.0&#39;, revision: &#39;040bc5406b&#39;&#xA;System info: os.name: &#39;Mac OS X&#39;, os.arch: &#39;aarch64&#39;, os.version: &#39;14.5&#39;, java.version: &#39;20.0.2&#39;&#xA;Driver info: org.openqa.selenium.chrome.ChromeDriver&#xA;Command: [116173759b64d29a7306b04b3981b91c, actions {actions=[org.openqa.selenium.interactions.Sequence@2e7efd01]}]&#xA;Capabilities {acceptInsecureCerts: false, browserName: chrome, browserVersion: 126.0.6478.183, chrome: {chromedriverVersion: 126.0.6478.182 (5b5d8292ddf..., userDataDir: /var/folders/fc/7xrvm23n7fl...}, fedcm:accounts: true, goog:chromeOptions: {debuggerAddress: localhost:63204}, networkConnectionEnabled: false, pageLoadStrategy: normal, platformName: mac, proxy: Proxy(), se:cdp: ws://localhost:63204/devtoo..., se:cdpVersion: 126.0.6478.183, setWindowRect: true, strictFileInteractability: false, timeouts: {implicit: 0, pageLoad: 300000, script: 30000}, unhandledPromptBehavior: dismiss and notify, webauthn:extension:credBlob: true, webauthn:extension:largeBlob: true, webauthn:extension:minPinLength: true, webauthn:extension:prf: true, webauthn:virtualAuthenticators: true}&#xA;Session ID: 116173759b64d29a7306b04b3981b91c&#xA;&#x9;at org.openqa.selenium.json.JsonOutput.convertUsingMethod(JsonOutput.java:415)&#xA;&#x9;at org.openqa.selenium.json.JsonOutput.lambda$new$16(JsonOutput.java:178)&#xA;&#x9;at org.openqa.selenium.json.JsonOutput.write0(JsonOutput.java:341)&#xA;&#x9;at org.openqa.selenium.json.JsonOutput.lambda$new$22(JsonOutput.java:200)&#xA;&#x9;at java.base/java.util.stream.ForEachOps$ForEachOp$OfRef.accept(ForEachOps.java:183)&#xA;&#x9;at java.base/java.util.stream.ReferencePipeline$2$1.accept(ReferencePipeline.java:179)&#xA;&#x9;at java.base/java.util.Iterator.forEachRemaining(Iterator.java:133)&#xA;&#x9;at java.base/java.util.Spliterators$IteratorSpliterator.forEachRemaining(Spliterators.java:1921)&#xA;&#x9;at java.base/java.util.stream.AbstractPipeline.copyInto(AbstractPipeline.java:509)&#xA;&#x9;at java.base/java.util.stream.AbstractPipeline.wrapAndCopyInto(AbstractPipeline.java:499)&#xA;&#x9;at java.base/java.util.stream.ForEachOps$ForEachOp.evaluateSequential(ForEachOps.java:150)&#xA;&#x9;at java.base/java.util.stream.ForEachOps$ForEachOp$OfRef.evaluateSequential(ForEachOps.java:173)&#xA;&#x9;at java.base/java.util.stream.AbstractPipeline.evaluate(AbstractPipeline.java:234)&#xA;&#x9;at java.base/java.util.stream.ReferencePipeline.forEach(ReferencePipeline.java:596)&#xA;&#x9;at org.openqa.selenium.json.JsonOutput.lambda$new$23(JsonOutput.java:200)&#xA;&#x9;at org.openqa.selenium.json.JsonOutput.write0(JsonOutput.java:341)&#xA;&#x9;at org.openqa.selenium.json.JsonOutput.lambda$new$24(JsonOutput.java:218)&#xA;&#x9;at com.google.common.collect.SingletonImmutableBiMap.forEach(SingletonImmutableBiMap.java:70)&#xA;&#x9;at org.openqa.selenium.json.JsonOutput.lambda$new$25(JsonOutput.java:213)&#xA;&#x9;at org.openqa.selenium.json.JsonOutput.write0(JsonOutput.java:341)&#xA;&#x9;at org.openqa.selenium.json.JsonOutput.write(JsonOutput.java:332)&#xA;&#x9;at org.openqa.selenium.json.Json.toJson(Json.java:47)&#xA;&#x9;at org.openqa.selenium.json.Json.toJson(Json.java:41)&#xA;&#x9;at org.openqa.selenium.remote.codec.AbstractHttpCommandCodec.encode(AbstractHttpCommandCodec.java:273)&#xA;&#x9;at org.openqa.selenium.remote.codec.AbstractHttpCommandCodec.encode(AbstractHttpCommandCodec.java:127)&#xA;&#x9;at org.openqa.selenium.remote.HttpCommandExecutor.execute(HttpCommandExecutor.java:179)&#xA;&#x9;at org.openqa.selenium.remote.service.DriverCommandExecutor.invokeExecute(DriverCommandExecutor.java:196)&#xA;&#x9;at org.openqa.selenium.remote.service.DriverCommandExecutor.execute(DriverCommandExecutor.java:171)&#xA;&#x9;at org.openqa.selenium.remote.RemoteWebDriver.execute(RemoteWebDriver.java:518)&#xA;&#x9;at org.openqa.selenium.remote.RemoteWebDriver.perform(RemoteWebDriver.java:604)&#xA;&#x9;at org.openqa.selenium.interactions.Actions$BuiltAction.perform(Actions.java:605)&#xA;&#x9;at org.openqa.selenium.interactions.Actions.perform(Actions.java:574)&#xA;&#x9;at StepImplementation.GoToLoginPageAsGuestUser(StepImplementation.java:58)&#xA;&#x9;at java.base/jdk.internal.reflect.DirectMethodHandleAccessor.invoke(DirectMethodHandleAccessor.java:104)&#xA;&#x9;at java.base/java.lang.reflect.Method.invoke(Method.java:578)&#xA;&#x9;at com.thoughtworks.gauge.execution.MethodExecutor.execute(MethodExecutor.java:30)&#xA;&#x9;at com.thoughtworks.gauge.execution.StepExecutionStage.executeStepMethod(StepExecutionStage.java:66)&#xA;&#x9;at com.thoughtworks.gauge.execution.StepExecutionStage.executeStep(StepExecutionStage.java:59)&#xA;&#x9;at com.thoughtworks.gauge.execution.StepExecutionStage.execute(StepExecutionStage.java:41)&#xA;&#x9;at com.thoughtworks.gauge.execution.AbstractExecutionStage.executeNext(AbstractExecutionStage.java:14)&#xA;&#x9;at com.thoughtworks.gauge.execution.HookExecutionStage.execute(HookExecutionStage.java:33)&#xA;&#x9;at com.thoughtworks.gauge.execution.ExecutionPipeline.start(ExecutionPipeline.java:19)&#xA;&#x9;at com.thoughtworks.gauge.processor.ExecuteStepProcessor.process(ExecuteStepProcessor.java:44)&#xA;&#x9;at com.thoughtworks.gauge.RunnerServiceHandler.lambda$executeStep$7(RunnerServiceHandler.java:166)&#xA;&#x9;at java.base/java.util.concurrent.ThreadPoolExecutor.runWorker(ThreadPoolExecutor.java:1144)&#xA;&#x9;at java.base/java.util.concurrent.ThreadPoolExecutor$Worker.run(ThreadPoolExecutor.java:642)&#xA;&#x9;at java.base/java.lang.Thread.run(Thread.java:1623)&#xA;&#x9;Suppressed: org.openqa.selenium.json.JsonException: Attempting to close incomplete json stream&#xA;Build info: version: &#39;4.11.0&#39;, revision: &#39;040bc5406b&#39;&#xA;System info: os.name: &#39;Mac OS X&#39;, os.arch: &#39;aarch64&#39;, os.version: &#39;14.5&#39;, java.version: &#39;20.0.2&#39;&#xA;Driver info: driver.version: RemoteWebDriver&#xA;&#x9;&#x9;at org.openqa.selenium.json.JsonOutput.close(JsonOutput.java:357)&#xA;&#x9;&#x9;at org.openqa.selenium.json.Json.toJson(Json.java:45)&#xA;&#x9;&#x9;... 25 more&#xA;Caused by: java.lang.reflect.InvocationTargetException&#xA;&#x9;at java.base/jdk.internal.reflect.DirectMethodHandleAccessor.invoke(DirectMethodHandleAccessor.java:119)&#xA;&#x9;at java.base/java.lang.reflect.Method.invoke(Method.java:578)&#xA;&#x9;at org.openqa.selenium.json.JsonOutput.convertUsingMethod(JsonOutput.java:411)&#xA;&#x9;... 46 more&#xA;Caused by: org.openqa.selenium.NoSuchWindowException: no such window: target window already closed&#xA;from unknown error: web view not found&#xA;  (Session info: chrome=126.0.6478.183)&#xA;Build info: version: &#39;4.11.0&#39;, revision: &#39;040bc5406b&#39;&#xA;System info: os.name: &#39;Mac OS X&#39;, os.arch: &#39;aarch64&#39;, os.version: &#39;14.5&#39;, java.version: &#39;20.0.2&#39;&#xA;Driver info: org.openqa.selenium.chrome.ChromeDriver&#xA;Command: [116173759b64d29a7306b04b3981b91c, findElement {using=id, value=myAccount}]&#xA;Capabilities {acceptInsecureCerts: false, browserName: chrome, browserVersion: 126.0.6478.183, chrome: {chromedriverVersion: 126.0.6478.182 (5b5d8292ddf..., userDataDir: /var/folders/fc/7xrvm23n7fl...}, fedcm:accounts: true, goog:chromeOptions: {debuggerAddress: localhost:63204}, networkConnectionEnabled: false, pageLoadStrategy: normal, platformName: mac, proxy: Proxy(), se:cdp: ws://localhost:63204/devtoo..., se:cdpVersion: 126.0.6478.183, setWindowRect: true, strictFileInteractability: false, timeouts: {implicit: 0, pageLoad: 300000, script: 30000}, unhandledPromptBehavior: dismiss and notify, webauthn:extension:credBlob: true, webauthn:extension:largeBlob: true, webauthn:extension:minPinLength: true, webauthn:extension:prf: true, webauthn:virtualAuthenticators: true}&#xA;Session ID: 116173759b64d29a7306b04b3981b91c&#xA;&#x9;at java.base/jdk.internal.reflect.DirectConstructorHandleAccessor.newInstance(DirectConstructorHandleAccessor.java:67)&#xA;&#x9;at java.base/java.lang.reflect.Constructor.newInstanceWithCaller(Constructor.java:500)&#xA;&#x9;at java.base/java.lang.reflect.Constructor.newInstance(Constructor.java:484)&#xA;&#x9;at org.openqa.selenium.remote.codec.w3c.W3CHttpResponseCodec.createException(W3CHttpResponseCodec.java:200)&#xA;&#x9;at org.openqa.selenium.remote.codec.w3c.W3CHttpResponseCodec.decode(W3CHttpResponseCodec.java:133)&#xA;&#x9;at org.openqa.selenium.remote.codec.w3c.W3CHttpResponseCodec.decode(W3CHttpResponseCodec.java:52)&#xA;&#x9;at org.openqa.selenium.remote.HttpCommandExecutor.execute(HttpCommandExecutor.java:191)&#xA;&#x9;at org.openqa.selenium.remote.service.DriverCommandExecutor.invokeExecute(DriverCommandExecutor.java:196)&#xA;&#x9;at org.openqa.selenium.remote.service.DriverCommandExecutor.execute(DriverCommandExecutor.java:171)&#xA;&#x9;at org.openqa.selenium.remote.RemoteWebDriver.execute(RemoteWebDriver.java:518)&#xA;&#x9;at org.openqa.selenium.remote.ElementLocation$ElementFinder$2.findElement(ElementLocation.java:165)&#xA;&#x9;at org.openqa.selenium.remote.ElementLocation.findElement(ElementLocation.java:59)&#xA;&#x9;at org.openqa.selenium.remote.RemoteWebDriver.findElement(RemoteWebDriver.java:355)&#xA;&#x9;at org.openqa.selenium.remote.RemoteWebDriver.findElement(RemoteWebDriver.java:349)&#xA;&#x9;at org.openqa.selenium.support.pagefactory.DefaultElementLocator.findElement(DefaultElementLocator.java:68)&#xA;&#x9;at org.openqa.selenium.support.pagefactory.internal.LocatingElementHandler.invoke(LocatingElementHandler.java:38)&#xA;&#x9;at jdk.proxy2/jdk.proxy2.$Proxy36.getWrappedElement(Unknown Source)&#xA;&#x9;at org.openqa.selenium.interactions.PointerInput$Origin.asArg(PointerInput.java:275)&#xA;&#x9;at org.openqa.selenium.interactions.PointerInput$Move.encode(PointerInput.java:224)&#xA;&#x9;at org.openqa.selenium.interactions.Sequence.encode(Sequence.java:72)&#xA;&#x9;at org.openqa.selenium.interactions.Sequence.toJson(Sequence.java:81)&#xA;&#x9;at java.base/jdk.internal.reflect.DirectMethodHandleAccessor.invoke(DirectMethodHandleAccessor.java:104)&#xA;&#x9;... 48 more&#xA;</failure>
		</testcase>
		<system-out></system-out>
		<system-err></system-err>
	</testsuite>
</testsuites>