
	
	
  <!doctype html>
  <html><head>
    <meta http-equiv="X-UA-Compatible" content="IE=9; IE=8; IE=7; IE=EDGE" />
    <meta charset="utf-8" />
    <title>Gauge Test Results</title>
    <link rel="shortcut icon" type="image/x-icon" href="../../images/favicon.ico">
    <link rel="stylesheet" type="text/css" href="../../css/open-sans.css">
    <link rel="stylesheet" type="text/css" href="../../css/font-awesome.css">
    <link rel="stylesheet" type="text/css" href="../../css/normalize.css" />
    <link rel="stylesheet" type="text/css" href="../../css/style.css" />
  </head>
  <body>
  <header class="top">
    <div class="header">
      <div class="container">
        <div class="logo">
          <a href="../.."><img src="../../images/gaugeLogo.png" alt="Report logo"></a>
        </div>
        <h2 class="project">Project: Gauge_Exmpl</h2>
      </div>
    </div>
  </header>
  <main class="main-container">
  <div class="container">

	
  <div class="report-overview">
   
  <div class="report_chart">
    <div class="chart">
      <svg id="pie-chart" data-results="1,0,0" data-total="1">
        <path class="status failed" />
        <path class="shadow failed" data-status="failed"><title>Failed: 1/1</title></path>
        <path class="status passed" />
        <path class="shadow passed" data-status="passed"><title>Passed: 0/1</title></path>
        <path class="status skipped" />
        <path class="shadow skipped" data-status="skipped"><title>Skipped: 0/1</title></path>
      </svg>
    </div>
  </div>

   
  <div class="report_test-results">
    <div class="report_test-result specs">
        <div class="total-specs" title="Filter all specs"><span class="txt">Total specs</span><span class="value">1</span></div>
        <div class="fail spec-filter" data-status="failed" title="Filter failed specs"><span class="value">1</span></div>
        <div class="pass spec-filter" data-status="passed" title="Filter passed specs"><span class="value">0</span></div>
        <div class="skip spec-filter" data-status="skipped" title="Filter skipped specs"><span class="value">0</span></div>
    </div>
    <div class="report_test-result scenarios">
        <div class="total-scenarios"><span class="txt">Total scenario</span><span class="value">3</span></div>
        <div class="fail scenario-stats" data-status="failed"><span class="value">3</span></div>
        <div class="pass scenario-stats" data-status="passed"><span class="value">0</span></div>
        <div class="skip scenario-stats" data-status="skipped"><span class="value">0</span></div>
    </div>
  </div>

    <div class="report_details">
      
  <ul>
    <li>
      <label>Environment </label>
      <span>default</span>
    </li>
    
    <li>
      <label>Success Rate </label>
      <span>0%</span>
    </li>
    <li>
      <label>Total Time </label>
      <span>00:00:08</span>
    </li>
    <li>
      <label>Generated On </label>
      <span>Jul 21, 2024 at 1:23am</span>
    </li>
  </ul>

      
  

      
  
  


    </div>
  </div>


	

	

	
		<div class="specifications">
		
  
    <aside class="sidebar">
      <h3 class="title">Specifications</h3>
      <div class="searchbar">
        <input id="searchSpecifications" placeholder="Type specification or tag name" type="text" />
        <i class="fa fa-search"></i>
      </div>
      <div class="specs-sorting">
        <div class="sort sort-specs-name" data-sort-by="specs-name"><span class="sort-icons"><i class="fa fa-caret-up"></i><i class="fa fa-caret-down"></i></span><span>Name</span></div>
        <div class="sort sort-execution-time" data-sort-by="execution-time"><span class="sort-icons"><i class="fa fa-caret-up"></i><i class="fa fa-caret-down"></i></span><span>Execution time</span></div>
      </div>
      <div id="listOfSpecifications">
        <ul id="scenarios" class="spec-list">
        
          <a href="loginbyproperties.html">
            
              <li class="failed spec-name">
            
              <span id="scenarioName" class="scenarioname">Login with parameters</span>
              <span id="time" class="time">00:00:07</span>
            </li>
          </a>
          
        </ul>
      </div>
    </aside>
  

		
  
	
  <div id="specificationContainer" class="details">
    <header class="curr-spec">
      <div class="spec-head-wrapper">
        <h3 class="spec-head" title="/Users/alierendasdemir/IdeaProjects/Gauge_Exmpl/specs/Specs/loginbyproperties.spec">Login with parameters</h3>
        <div class="hidden report_test-results" alt="Scenarios" title="Scenarios">
          <ul>
            <li class="fail"><span class="value">3</span><span class="txt">Failed</span></li>
            <li class="pass"><span class="value">0</span><span class="txt">Passed</span></li>
            <li class="skip"><span class="value">0</span><span class="txt">Skipped</span></li>
          </ul>
        </div>
      </div>
      <div class="spec-meta">
        <div class="spec-filename">
          <label for="specFileName">File Path</label>
          <input id="specFileName" value="/Users/alierendasdemir/IdeaProjects/Gauge_Exmpl/specs/Specs/loginbyproperties.spec" readonly/>
          <button class="clipboard-btn" data-clipboard-target="#specFileName" title="Copy to Clipboard">
              <i class="fa fa-clipboard" aria-hidden="true" title="Copy to Clipboard"></i>
          </button>
        </div>
        <span class="time">00:00:07</span>
      </div>

	
  

	</header>
	<div id="specItemsContainer">
	
    
  

    
    
    

    <div class="content">
    
  
  <span><p>gauge_data_dir = data/qa</p>
</span>
  
  
    <table class="data-table">
      <tr>
        <th>username</th><th>password</th>
      </tr>
      <tbody data-rowCount=3>
        
          <tr class="row-selector failed selected" data-rowIndex='0'>
          
            <td>example1@gmail.com</td><td>A123</td>
        </tr>
        
          <tr class="row-selector failed" data-rowIndex='1'>
          
            <td>example2@gmail.com</td><td>B123</td>
        </tr>
        
          <tr class="row-selector failed" data-rowIndex='2'>
          
            <td>example3@gmail.com</td><td>C123</td>
        </tr>
        
      </tbody>
    </table>
  

  
  <span></span>
  

      
        
	
  <div class="scenario-container failed"  data-tablerow='0'>
    

	
  <div class="scenario-head">
    <h3 class="head borderBottom">Login by parameters &#34;username&#34;</h3>
    
    <span class="time">00:00:07</span>

	
  

	</div>
  
  

  
  

  
	

  
  
    
  
    
  
  <div class="step concept">
  
  
    <h5 class="execution-time">
      <span class="time">Execution Time : 00:00:07</span>
    </h5>
  
  <div class="step-info failed">
  
  <ul>
    <li class="step">
      <div class="step-txt">


  <i class="fa fa-plus-square" aria-hidden="true"></i>
  
  
    
      <span>
        Go to login page from main page
      </span>
    
  
  </div>

  </li></ul></div></div>
  <div class="concept-steps">
  
    
  
    
  
  <div class="step">
  
  
    <h5 class="execution-time">
      <span class="time">Execution Time : 00:00:07</span>
    </h5>
  
  <div class="step-info failed">
  
  <ul>
    <li class="step">
      <div class="step-txt">


  
  

  
  

  
  
  
  
  
    
      <span>
        Go to login page as guest user
      </span>
    
  
  </div>

  
    
        
  <div class="error-container failed">
    <div class="exception-container">
      <div class="exception">
        <h4 class="error-message">
          <pre>org.openqa.selenium.json.JsonException: java.lang.reflect.InvocationTargetException<br/>Build info: version: &#39;4.11.0&#39;, revision: &#39;040bc5406b&#39;<br/>System info: os.name: &#39;Mac OS X&#39;, os.arch: &#39;aarch64&#39;, os.version: &#39;14.5&#39;, java.version: &#39;20.0.2&#39;<br/>Driver info: org.openqa.selenium.chrome.ChromeDriver<br/>Command: [116173759b64d29a7306b04b3981b91c, actions {actions=[org.openqa.selenium.interactions.Sequence@1fc839ce]}]<br/>Capabilities {acceptInsecureCerts: false, browserName: chrome, browserVersion: 126.0.6478.183, chrome: {chromedriverVersion: 126.0.6478.182 (5b5d8292ddf..., userDataDir: /var/folders/fc/7xrvm23n7fl...}, fedcm:accounts: true, goog:chromeOptions: {debuggerAddress: localhost:63204}, networkConnectionEnabled: false, pageLoadStrategy: normal, platformName: mac, proxy: Proxy(), se:cdp: ws://localhost:63204/devtoo..., se:cdpVersion: 126.0.6478.183, setWindowRect: true, strictFileInteractability: false, timeouts: {implicit: 0, pageLoad: 300000, script: 30000}, unhandledPromptBehavior: dismiss and notify, webauthn:extension:credBlob: true, webauthn:extension:largeBlob: true, webauthn:extension:minPinLength: true, webauthn:extension:prf: true, webauthn:virtualAuthenticators: true}<br/>Session ID: 116173759b64d29a7306b04b3981b91c</pre>
        </h4>
        <pre class="stacktrace">org.openqa.selenium.json.JsonException: java.lang.reflect.InvocationTargetException<br/>Build info: version: &#39;4.11.0&#39;, revision: &#39;040bc5406b&#39;<br/>System info: os.name: &#39;Mac OS X&#39;, os.arch: &#39;aarch64&#39;, os.version: &#39;14.5&#39;, java.version: &#39;20.0.2&#39;<br/>Driver info: org.openqa.selenium.chrome.ChromeDriver<br/>Command: [116173759b64d29a7306b04b3981b91c, actions {actions=[org.openqa.selenium.interactions.Sequence@1fc839ce]}]<br/>Capabilities {acceptInsecureCerts: false, browserName: chrome, browserVersion: 126.0.6478.183, chrome: {chromedriverVersion: 126.0.6478.182 (5b5d8292ddf..., userDataDir: /var/folders/fc/7xrvm23n7fl...}, fedcm:accounts: true, goog:chromeOptions: {debuggerAddress: localhost:63204}, networkConnectionEnabled: false, pageLoadStrategy: normal, platformName: mac, proxy: Proxy(), se:cdp: ws://localhost:63204/devtoo..., se:cdpVersion: 126.0.6478.183, setWindowRect: true, strictFileInteractability: false, timeouts: {implicit: 0, pageLoad: 300000, script: 30000}, unhandledPromptBehavior: dismiss and notify, webauthn:extension:credBlob: true, webauthn:extension:largeBlob: true, webauthn:extension:minPinLength: true, webauthn:extension:prf: true, webauthn:virtualAuthenticators: true}<br/>Session ID: 116173759b64d29a7306b04b3981b91c<br/>	at org.openqa.selenium.json.JsonOutput.convertUsingMethod(JsonOutput.java:415)<br/>	at org.openqa.selenium.json.JsonOutput.lambda$new$16(JsonOutput.java:178)<br/>	at org.openqa.selenium.json.JsonOutput.write0(JsonOutput.java:341)<br/>	at org.openqa.selenium.json.JsonOutput.lambda$new$22(JsonOutput.java:200)<br/>	at java.base/java.util.stream.ForEachOps$ForEachOp$OfRef.accept(ForEachOps.java:183)<br/>	at java.base/java.util.stream.ReferencePipeline$2$1.accept(ReferencePipeline.java:179)<br/>	at java.base/java.util.Iterator.forEachRemaining(Iterator.java:133)<br/>	at java.base/java.util.Spliterators$IteratorSpliterator.forEachRemaining(Spliterators.java:1921)<br/>	at java.base/java.util.stream.AbstractPipeline.copyInto(AbstractPipeline.java:509)<br/>	at java.base/java.util.stream.AbstractPipeline.wrapAndCopyInto(AbstractPipeline.java:499)<br/>	at java.base/java.util.stream.ForEachOps$ForEachOp.evaluateSequential(ForEachOps.java:150)<br/>	at java.base/java.util.stream.ForEachOps$ForEachOp$OfRef.evaluateSequential(ForEachOps.java:173)<br/>	at java.base/java.util.stream.AbstractPipeline.evaluate(AbstractPipeline.java:234)<br/>	at java.base/java.util.stream.ReferencePipeline.forEach(ReferencePipeline.java:596)<br/>	at org.openqa.selenium.json.JsonOutput.lambda$new$23(JsonOutput.java:200)<br/>	at org.openqa.selenium.json.JsonOutput.write0(JsonOutput.java:341)<br/>	at org.openqa.selenium.json.JsonOutput.lambda$new$24(JsonOutput.java:218)<br/>	at com.google.common.collect.SingletonImmutableBiMap.forEach(SingletonImmutableBiMap.java:70)<br/>	at org.openqa.selenium.json.JsonOutput.lambda$new$25(JsonOutput.java:213)<br/>	at org.openqa.selenium.json.JsonOutput.write0(JsonOutput.java:341)<br/>	at org.openqa.selenium.json.JsonOutput.write(JsonOutput.java:332)<br/>	at org.openqa.selenium.json.Json.toJson(Json.java:47)<br/>	at org.openqa.selenium.json.Json.toJson(Json.java:41)<br/>	at org.openqa.selenium.remote.codec.AbstractHttpCommandCodec.encode(AbstractHttpCommandCodec.java:273)<br/>	at org.openqa.selenium.remote.codec.AbstractHttpCommandCodec.encode(AbstractHttpCommandCodec.java:127)<br/>	at org.openqa.selenium.remote.HttpCommandExecutor.execute(HttpCommandExecutor.java:179)<br/>	at org.openqa.selenium.remote.service.DriverCommandExecutor.invokeExecute(DriverCommandExecutor.java:196)<br/>	at org.openqa.selenium.remote.service.DriverCommandExecutor.execute(DriverCommandExecutor.java:171)<br/>	at org.openqa.selenium.remote.RemoteWebDriver.execute(RemoteWebDriver.java:518)<br/>	at org.openqa.selenium.remote.RemoteWebDriver.perform(RemoteWebDriver.java:604)<br/>	at org.openqa.selenium.interactions.Actions$BuiltAction.perform(Actions.java:605)<br/>	at org.openqa.selenium.interactions.Actions.perform(Actions.java:574)<br/>	at StepImplementation.GoToLoginPageAsGuestUser(StepImplementation.java:58)<br/>	at java.base/jdk.internal.reflect.DirectMethodHandleAccessor.invoke(DirectMethodHandleAccessor.java:104)<br/>	at java.base/java.lang.reflect.Method.invoke(Method.java:578)<br/>	at com.thoughtworks.gauge.execution.MethodExecutor.execute(MethodExecutor.java:30)<br/>	at com.thoughtworks.gauge.execution.StepExecutionStage.executeStepMethod(StepExecutionStage.java:66)<br/>	at com.thoughtworks.gauge.execution.StepExecutionStage.executeStep(StepExecutionStage.java:59)<br/>	at com.thoughtworks.gauge.execution.StepExecutionStage.execute(StepExecutionStage.java:41)<br/>	at com.thoughtworks.gauge.execution.AbstractExecutionStage.executeNext(AbstractExecutionStage.java:14)<br/>	at com.thoughtworks.gauge.execution.HookExecutionStage.execute(HookExecutionStage.java:33)<br/>	at com.thoughtworks.gauge.execution.ExecutionPipeline.start(ExecutionPipeline.java:19)<br/>	at com.thoughtworks.gauge.processor.ExecuteStepProcessor.process(ExecuteStepProcessor.java:44)<br/>	at com.thoughtworks.gauge.RunnerServiceHandler.lambda$executeStep$7(RunnerServiceHandler.java:166)<br/>	at java.base/java.util.concurrent.ThreadPoolExecutor.runWorker(ThreadPoolExecutor.java:1144)<br/>	at java.base/java.util.concurrent.ThreadPoolExecutor$Worker.run(ThreadPoolExecutor.java:642)<br/>	at java.base/java.lang.Thread.run(Thread.java:1623)<br/>	Suppressed: org.openqa.selenium.json.JsonException: Attempting to close incomplete json stream<br/>Build info: version: &#39;4.11.0&#39;, revision: &#39;040bc5406b&#39;<br/>System info: os.name: &#39;Mac OS X&#39;, os.arch: &#39;aarch64&#39;, os.version: &#39;14.5&#39;, java.version: &#39;20.0.2&#39;<br/>Driver info: driver.version: RemoteWebDriver<br/>		at org.openqa.selenium.json.JsonOutput.close(JsonOutput.java:357)<br/>		at org.openqa.selenium.json.Json.toJson(Json.java:45)<br/>		... 25 more<br/>Caused by: java.lang.reflect.InvocationTargetException<br/>	at java.base/jdk.internal.reflect.DirectMethodHandleAccessor.invoke(DirectMethodHandleAccessor.java:119)<br/>	at java.base/java.lang.reflect.Method.invoke(Method.java:578)<br/>	at org.openqa.selenium.json.JsonOutput.convertUsingMethod(JsonOutput.java:411)<br/>	... 46 more<br/>Caused by: org.openqa.selenium.NoSuchElementException: Unable to find element with locator By.id: myAccount<br/>For documentation on this error, please visit: https://www.selenium.dev/documentation/webdriver/troubleshooting/errors#no-such-element-exception<br/>Build info: version: &#39;4.11.0&#39;, revision: &#39;040bc5406b&#39;<br/>System info: os.name: &#39;Mac OS X&#39;, os.arch: &#39;aarch64&#39;, os.version: &#39;14.5&#39;, java.version: &#39;20.0.2&#39;<br/>Driver info: driver.version: RemoteWebDriver<br/>	at org.openqa.selenium.remote.ElementLocation$ElementFinder$2.findElement(ElementLocation.java:168)<br/>	at org.openqa.selenium.remote.ElementLocation.findElement(ElementLocation.java:66)<br/>	at org.openqa.selenium.remote.RemoteWebDriver.findElement(RemoteWebDriver.java:355)<br/>	at org.openqa.selenium.remote.RemoteWebDriver.findElement(RemoteWebDriver.java:349)<br/>	at org.openqa.selenium.support.pagefactory.DefaultElementLocator.findElement(DefaultElementLocator.java:68)<br/>	at org.openqa.selenium.support.pagefactory.internal.LocatingElementHandler.invoke(LocatingElementHandler.java:38)<br/>	at jdk.proxy2/jdk.proxy2.$Proxy36.getWrappedElement(Unknown Source)<br/>	at org.openqa.selenium.interactions.PointerInput$Origin.asArg(PointerInput.java:275)<br/>	at org.openqa.selenium.interactions.PointerInput$Move.encode(PointerInput.java:224)<br/>	at org.openqa.selenium.interactions.Sequence.encode(Sequence.java:72)<br/>	at org.openqa.selenium.interactions.Sequence.toJson(Sequence.java:81)<br/>	at java.base/jdk.internal.reflect.DirectMethodHandleAccessor.invoke(DirectMethodHandleAccessor.java:104)<br/>	... 48 more<br/></pre>
      </div>
      
         <div class="screenshot-container">
          <div class="screenshot">
            <a href="../../images/screenshot-45eee97c-3694-43c9-8f3c-5e47eb459f7b.png" rel="lightbox">
              <img src="../../images/screenshot-45eee97c-3694-43c9-8f3c-5e47eb459f7b.png" class="screenshot-thumbnail" />
            </a>
          </div>
        </div>
      
    </div>
  </div>

    
    
  

    
    
  

  
  
  
  

  
  

  
	</li></ul></div></div>
  
    
  

  

  
  </div>

  

  
    
  
    
  
  <div class="step">
  
  
    <h5 class="execution-time">
      <span class="time">Execution Time : 00:00:00</span>
    </h5>
  
  <div class="step-info not-executed">
  
  <ul>
    <li class="step">
      <div class="step-txt">


  
  

  
  

  
  
  
  
  
    
      <span>
        Enter 
      </span>
    
  
    
      <span class="parameter">"example1@gmail.com"</span>
    
  
    
      <span>
         and 
      </span>
    
  
    
      <span class="parameter">"A123"</span>
    
  
  </div>

  
    
    
  

    
    
  

  
  
  
  

  
  

  
	</li></ul></div></div>
  
    
  

  

  
    
  
    
  
  <div class="step">
  
  
    <h5 class="execution-time">
      <span class="time">Execution Time : 00:00:00</span>
    </h5>
  
  <div class="step-info not-executed">
  
  <ul>
    <li class="step">
      <div class="step-txt">


  
  

  
  

  
  
  
  
  
    
      <span>
        Click login button
      </span>
    
  
  </div>

  
    
    
  

    
    
  

  
  
  
  

  
  

  
	</li></ul></div></div>
  
    
  

  

  
    
  
    
  
  <div class="step">
  
  
    <h5 class="execution-time">
      <span class="time">Execution Time : 00:00:00</span>
    </h5>
  
  <div class="step-info not-executed">
  
  <ul>
    <li class="step">
      <div class="step-txt">


  
  

  
  

  
  
  
  
  
    
      <span>
        Verify attempt of unsuccessful login unexpected login
      </span>
    
  
  </div>

  
    
    
  

    
    
  

  
  
  
  

  
  

  
	</li></ul></div></div>
  
    
  

  

  
    
  
    
  
  <div class="step">
  
  
    <h5 class="execution-time">
      <span class="time">Execution Time : 00:00:00</span>
    </h5>
  
  <div class="step-info not-executed">
  
  <ul>
    <li class="step">
      <div class="step-txt">


  
  

  
  

  
  
  
  
  
    
      <span>
        Close the driver
      </span>
    
  
  </div>

  
    
    
  

    
    
  

  
  
  
  

  
  

  
	</li></ul></div></div>
  
    
  

  

  
  

  
  

  
  

  
	
	</div>

      
        
	
  <div class="scenario-container failed hidden"  data-tablerow='1'>
    

	
  <div class="scenario-head">
    <h3 class="head borderBottom">Login by parameters &#34;username&#34;</h3>
    
    <span class="time">00:00:00</span>

	
  

	</div>
  
  

  
  

  
	

  
  
    
  
    
  
  <div class="step concept">
  
  
    <h5 class="execution-time">
      <span class="time">Execution Time : 00:00:00</span>
    </h5>
  
  <div class="step-info failed">
  
  <ul>
    <li class="step">
      <div class="step-txt">


  <i class="fa fa-plus-square" aria-hidden="true"></i>
  
  
    
      <span>
        Go to login page from main page
      </span>
    
  
  </div>

  </li></ul></div></div>
  <div class="concept-steps">
  
    
  
    
  
  <div class="step">
  
  
    <h5 class="execution-time">
      <span class="time">Execution Time : 00:00:00</span>
    </h5>
  
  <div class="step-info failed">
  
  <ul>
    <li class="step">
      <div class="step-txt">


  
  

  
  

  
  
  
  
  
    
      <span>
        Go to login page as guest user
      </span>
    
  
  </div>

  
    
        
  <div class="error-container failed">
    <div class="exception-container">
      <div class="exception">
        <h4 class="error-message">
          <pre>org.openqa.selenium.json.JsonException: java.lang.reflect.InvocationTargetException<br/>Build info: version: &#39;4.11.0&#39;, revision: &#39;040bc5406b&#39;<br/>System info: os.name: &#39;Mac OS X&#39;, os.arch: &#39;aarch64&#39;, os.version: &#39;14.5&#39;, java.version: &#39;20.0.2&#39;<br/>Driver info: org.openqa.selenium.chrome.ChromeDriver<br/>Command: [116173759b64d29a7306b04b3981b91c, actions {actions=[org.openqa.selenium.interactions.Sequence@73033bb6]}]<br/>Capabilities {acceptInsecureCerts: false, browserName: chrome, browserVersion: 126.0.6478.183, chrome: {chromedriverVersion: 126.0.6478.182 (5b5d8292ddf..., userDataDir: /var/folders/fc/7xrvm23n7fl...}, fedcm:accounts: true, goog:chromeOptions: {debuggerAddress: localhost:63204}, networkConnectionEnabled: false, pageLoadStrategy: normal, platformName: mac, proxy: Proxy(), se:cdp: ws://localhost:63204/devtoo..., se:cdpVersion: 126.0.6478.183, setWindowRect: true, strictFileInteractability: false, timeouts: {implicit: 0, pageLoad: 300000, script: 30000}, unhandledPromptBehavior: dismiss and notify, webauthn:extension:credBlob: true, webauthn:extension:largeBlob: true, webauthn:extension:minPinLength: true, webauthn:extension:prf: true, webauthn:virtualAuthenticators: true}<br/>Session ID: 116173759b64d29a7306b04b3981b91c</pre>
        </h4>
        <pre class="stacktrace">org.openqa.selenium.json.JsonException: java.lang.reflect.InvocationTargetException<br/>Build info: version: &#39;4.11.0&#39;, revision: &#39;040bc5406b&#39;<br/>System info: os.name: &#39;Mac OS X&#39;, os.arch: &#39;aarch64&#39;, os.version: &#39;14.5&#39;, java.version: &#39;20.0.2&#39;<br/>Driver info: org.openqa.selenium.chrome.ChromeDriver<br/>Command: [116173759b64d29a7306b04b3981b91c, actions {actions=[org.openqa.selenium.interactions.Sequence@73033bb6]}]<br/>Capabilities {acceptInsecureCerts: false, browserName: chrome, browserVersion: 126.0.6478.183, chrome: {chromedriverVersion: 126.0.6478.182 (5b5d8292ddf..., userDataDir: /var/folders/fc/7xrvm23n7fl...}, fedcm:accounts: true, goog:chromeOptions: {debuggerAddress: localhost:63204}, networkConnectionEnabled: false, pageLoadStrategy: normal, platformName: mac, proxy: Proxy(), se:cdp: ws://localhost:63204/devtoo..., se:cdpVersion: 126.0.6478.183, setWindowRect: true, strictFileInteractability: false, timeouts: {implicit: 0, pageLoad: 300000, script: 30000}, unhandledPromptBehavior: dismiss and notify, webauthn:extension:credBlob: true, webauthn:extension:largeBlob: true, webauthn:extension:minPinLength: true, webauthn:extension:prf: true, webauthn:virtualAuthenticators: true}<br/>Session ID: 116173759b64d29a7306b04b3981b91c<br/>	at org.openqa.selenium.json.JsonOutput.convertUsingMethod(JsonOutput.java:415)<br/>	at org.openqa.selenium.json.JsonOutput.lambda$new$16(JsonOutput.java:178)<br/>	at org.openqa.selenium.json.JsonOutput.write0(JsonOutput.java:341)<br/>	at org.openqa.selenium.json.JsonOutput.lambda$new$22(JsonOutput.java:200)<br/>	at java.base/java.util.stream.ForEachOps$ForEachOp$OfRef.accept(ForEachOps.java:183)<br/>	at java.base/java.util.stream.ReferencePipeline$2$1.accept(ReferencePipeline.java:179)<br/>	at java.base/java.util.Iterator.forEachRemaining(Iterator.java:133)<br/>	at java.base/java.util.Spliterators$IteratorSpliterator.forEachRemaining(Spliterators.java:1921)<br/>	at java.base/java.util.stream.AbstractPipeline.copyInto(AbstractPipeline.java:509)<br/>	at java.base/java.util.stream.AbstractPipeline.wrapAndCopyInto(AbstractPipeline.java:499)<br/>	at java.base/java.util.stream.ForEachOps$ForEachOp.evaluateSequential(ForEachOps.java:150)<br/>	at java.base/java.util.stream.ForEachOps$ForEachOp$OfRef.evaluateSequential(ForEachOps.java:173)<br/>	at java.base/java.util.stream.AbstractPipeline.evaluate(AbstractPipeline.java:234)<br/>	at java.base/java.util.stream.ReferencePipeline.forEach(ReferencePipeline.java:596)<br/>	at org.openqa.selenium.json.JsonOutput.lambda$new$23(JsonOutput.java:200)<br/>	at org.openqa.selenium.json.JsonOutput.write0(JsonOutput.java:341)<br/>	at org.openqa.selenium.json.JsonOutput.lambda$new$24(JsonOutput.java:218)<br/>	at com.google.common.collect.SingletonImmutableBiMap.forEach(SingletonImmutableBiMap.java:70)<br/>	at org.openqa.selenium.json.JsonOutput.lambda$new$25(JsonOutput.java:213)<br/>	at org.openqa.selenium.json.JsonOutput.write0(JsonOutput.java:341)<br/>	at org.openqa.selenium.json.JsonOutput.write(JsonOutput.java:332)<br/>	at org.openqa.selenium.json.Json.toJson(Json.java:47)<br/>	at org.openqa.selenium.json.Json.toJson(Json.java:41)<br/>	at org.openqa.selenium.remote.codec.AbstractHttpCommandCodec.encode(AbstractHttpCommandCodec.java:273)<br/>	at org.openqa.selenium.remote.codec.AbstractHttpCommandCodec.encode(AbstractHttpCommandCodec.java:127)<br/>	at org.openqa.selenium.remote.HttpCommandExecutor.execute(HttpCommandExecutor.java:179)<br/>	at org.openqa.selenium.remote.service.DriverCommandExecutor.invokeExecute(DriverCommandExecutor.java:196)<br/>	at org.openqa.selenium.remote.service.DriverCommandExecutor.execute(DriverCommandExecutor.java:171)<br/>	at org.openqa.selenium.remote.RemoteWebDriver.execute(RemoteWebDriver.java:518)<br/>	at org.openqa.selenium.remote.RemoteWebDriver.perform(RemoteWebDriver.java:604)<br/>	at org.openqa.selenium.interactions.Actions$BuiltAction.perform(Actions.java:605)<br/>	at org.openqa.selenium.interactions.Actions.perform(Actions.java:574)<br/>	at StepImplementation.GoToLoginPageAsGuestUser(StepImplementation.java:58)<br/>	at java.base/jdk.internal.reflect.DirectMethodHandleAccessor.invoke(DirectMethodHandleAccessor.java:104)<br/>	at java.base/java.lang.reflect.Method.invoke(Method.java:578)<br/>	at com.thoughtworks.gauge.execution.MethodExecutor.execute(MethodExecutor.java:30)<br/>	at com.thoughtworks.gauge.execution.StepExecutionStage.executeStepMethod(StepExecutionStage.java:66)<br/>	at com.thoughtworks.gauge.execution.StepExecutionStage.executeStep(StepExecutionStage.java:59)<br/>	at com.thoughtworks.gauge.execution.StepExecutionStage.execute(StepExecutionStage.java:41)<br/>	at com.thoughtworks.gauge.execution.AbstractExecutionStage.executeNext(AbstractExecutionStage.java:14)<br/>	at com.thoughtworks.gauge.execution.HookExecutionStage.execute(HookExecutionStage.java:33)<br/>	at com.thoughtworks.gauge.execution.ExecutionPipeline.start(ExecutionPipeline.java:19)<br/>	at com.thoughtworks.gauge.processor.ExecuteStepProcessor.process(ExecuteStepProcessor.java:44)<br/>	at com.thoughtworks.gauge.RunnerServiceHandler.lambda$executeStep$7(RunnerServiceHandler.java:166)<br/>	at java.base/java.util.concurrent.ThreadPoolExecutor.runWorker(ThreadPoolExecutor.java:1144)<br/>	at java.base/java.util.concurrent.ThreadPoolExecutor$Worker.run(ThreadPoolExecutor.java:642)<br/>	at java.base/java.lang.Thread.run(Thread.java:1623)<br/>	Suppressed: org.openqa.selenium.json.JsonException: Attempting to close incomplete json stream<br/>Build info: version: &#39;4.11.0&#39;, revision: &#39;040bc5406b&#39;<br/>System info: os.name: &#39;Mac OS X&#39;, os.arch: &#39;aarch64&#39;, os.version: &#39;14.5&#39;, java.version: &#39;20.0.2&#39;<br/>Driver info: driver.version: RemoteWebDriver<br/>		at org.openqa.selenium.json.JsonOutput.close(JsonOutput.java:357)<br/>		at org.openqa.selenium.json.Json.toJson(Json.java:45)<br/>		... 25 more<br/>Caused by: java.lang.reflect.InvocationTargetException<br/>	at java.base/jdk.internal.reflect.DirectMethodHandleAccessor.invoke(DirectMethodHandleAccessor.java:119)<br/>	at java.base/java.lang.reflect.Method.invoke(Method.java:578)<br/>	at org.openqa.selenium.json.JsonOutput.convertUsingMethod(JsonOutput.java:411)<br/>	... 46 more<br/>Caused by: org.openqa.selenium.NoSuchWindowException: no such window: target window already closed<br/>from unknown error: web view not found<br/>  (Session info: chrome=126.0.6478.183)<br/>Build info: version: &#39;4.11.0&#39;, revision: &#39;040bc5406b&#39;<br/>System info: os.name: &#39;Mac OS X&#39;, os.arch: &#39;aarch64&#39;, os.version: &#39;14.5&#39;, java.version: &#39;20.0.2&#39;<br/>Driver info: org.openqa.selenium.chrome.ChromeDriver<br/>Command: [116173759b64d29a7306b04b3981b91c, findElement {using=id, value=myAccount}]<br/>Capabilities {acceptInsecureCerts: false, browserName: chrome, browserVersion: 126.0.6478.183, chrome: {chromedriverVersion: 126.0.6478.182 (5b5d8292ddf..., userDataDir: /var/folders/fc/7xrvm23n7fl...}, fedcm:accounts: true, goog:chromeOptions: {debuggerAddress: localhost:63204}, networkConnectionEnabled: false, pageLoadStrategy: normal, platformName: mac, proxy: Proxy(), se:cdp: ws://localhost:63204/devtoo..., se:cdpVersion: 126.0.6478.183, setWindowRect: true, strictFileInteractability: false, timeouts: {implicit: 0, pageLoad: 300000, script: 30000}, unhandledPromptBehavior: dismiss and notify, webauthn:extension:credBlob: true, webauthn:extension:largeBlob: true, webauthn:extension:minPinLength: true, webauthn:extension:prf: true, webauthn:virtualAuthenticators: true}<br/>Session ID: 116173759b64d29a7306b04b3981b91c<br/>	at java.base/jdk.internal.reflect.DirectConstructorHandleAccessor.newInstance(DirectConstructorHandleAccessor.java:67)<br/>	at java.base/java.lang.reflect.Constructor.newInstanceWithCaller(Constructor.java:500)<br/>	at java.base/java.lang.reflect.Constructor.newInstance(Constructor.java:484)<br/>	at org.openqa.selenium.remote.codec.w3c.W3CHttpResponseCodec.createException(W3CHttpResponseCodec.java:200)<br/>	at org.openqa.selenium.remote.codec.w3c.W3CHttpResponseCodec.decode(W3CHttpResponseCodec.java:133)<br/>	at org.openqa.selenium.remote.codec.w3c.W3CHttpResponseCodec.decode(W3CHttpResponseCodec.java:52)<br/>	at org.openqa.selenium.remote.HttpCommandExecutor.execute(HttpCommandExecutor.java:191)<br/>	at org.openqa.selenium.remote.service.DriverCommandExecutor.invokeExecute(DriverCommandExecutor.java:196)<br/>	at org.openqa.selenium.remote.service.DriverCommandExecutor.execute(DriverCommandExecutor.java:171)<br/>	at org.openqa.selenium.remote.RemoteWebDriver.execute(RemoteWebDriver.java:518)<br/>	at org.openqa.selenium.remote.ElementLocation$ElementFinder$2.findElement(ElementLocation.java:165)<br/>	at org.openqa.selenium.remote.ElementLocation.findElement(ElementLocation.java:59)<br/>	at org.openqa.selenium.remote.RemoteWebDriver.findElement(RemoteWebDriver.java:355)<br/>	at org.openqa.selenium.remote.RemoteWebDriver.findElement(RemoteWebDriver.java:349)<br/>	at org.openqa.selenium.support.pagefactory.DefaultElementLocator.findElement(DefaultElementLocator.java:68)<br/>	at org.openqa.selenium.support.pagefactory.internal.LocatingElementHandler.invoke(LocatingElementHandler.java:38)<br/>	at jdk.proxy2/jdk.proxy2.$Proxy36.getWrappedElement(Unknown Source)<br/>	at org.openqa.selenium.interactions.PointerInput$Origin.asArg(PointerInput.java:275)<br/>	at org.openqa.selenium.interactions.PointerInput$Move.encode(PointerInput.java:224)<br/>	at org.openqa.selenium.interactions.Sequence.encode(Sequence.java:72)<br/>	at org.openqa.selenium.interactions.Sequence.toJson(Sequence.java:81)<br/>	at java.base/jdk.internal.reflect.DirectMethodHandleAccessor.invoke(DirectMethodHandleAccessor.java:104)<br/>	... 48 more<br/></pre>
      </div>
      
         <div class="screenshot-container">
          <div class="screenshot">
            <a href="../../images/screenshot-9f0cf139-288a-45f5-8b8f-2f213d1b4ef9.png" rel="lightbox">
              <img src="../../images/screenshot-9f0cf139-288a-45f5-8b8f-2f213d1b4ef9.png" class="screenshot-thumbnail" />
            </a>
          </div>
        </div>
      
    </div>
  </div>

    
    
  

    
    
  

  
  
  
  

  
  

  
	</li></ul></div></div>
  
    
  

  

  
  </div>

  

  
    
  
    
  
  <div class="step">
  
  
    <h5 class="execution-time">
      <span class="time">Execution Time : 00:00:00</span>
    </h5>
  
  <div class="step-info not-executed">
  
  <ul>
    <li class="step">
      <div class="step-txt">


  
  

  
  

  
  
  
  
  
    
      <span>
        Enter 
      </span>
    
  
    
      <span class="parameter">"example2@gmail.com"</span>
    
  
    
      <span>
         and 
      </span>
    
  
    
      <span class="parameter">"B123"</span>
    
  
  </div>

  
    
    
  

    
    
  

  
  
  
  

  
  

  
	</li></ul></div></div>
  
    
  

  

  
    
  
    
  
  <div class="step">
  
  
    <h5 class="execution-time">
      <span class="time">Execution Time : 00:00:00</span>
    </h5>
  
  <div class="step-info not-executed">
  
  <ul>
    <li class="step">
      <div class="step-txt">


  
  

  
  

  
  
  
  
  
    
      <span>
        Click login button
      </span>
    
  
  </div>

  
    
    
  

    
    
  

  
  
  
  

  
  

  
	</li></ul></div></div>
  
    
  

  

  
    
  
    
  
  <div class="step">
  
  
    <h5 class="execution-time">
      <span class="time">Execution Time : 00:00:00</span>
    </h5>
  
  <div class="step-info not-executed">
  
  <ul>
    <li class="step">
      <div class="step-txt">


  
  

  
  

  
  
  
  
  
    
      <span>
        Verify attempt of unsuccessful login unexpected login
      </span>
    
  
  </div>

  
    
    
  

    
    
  

  
  
  
  

  
  

  
	</li></ul></div></div>
  
    
  

  

  
    
  
    
  
  <div class="step">
  
  
    <h5 class="execution-time">
      <span class="time">Execution Time : 00:00:00</span>
    </h5>
  
  <div class="step-info not-executed">
  
  <ul>
    <li class="step">
      <div class="step-txt">


  
  

  
  

  
  
  
  
  
    
      <span>
        Close the driver
      </span>
    
  
  </div>

  
    
    
  

    
    
  

  
  
  
  

  
  

  
	</li></ul></div></div>
  
    
  

  

  
  

  
  

  
  

  
	
	</div>

      
        
	
  <div class="scenario-container failed hidden"  data-tablerow='2'>
    

	
  <div class="scenario-head">
    <h3 class="head borderBottom">Login by parameters &#34;username&#34;</h3>
    
    <span class="time">00:00:00</span>

	
  

	</div>
  
  

  
  

  
	

  
  
    
  
    
  
  <div class="step concept">
  
  
    <h5 class="execution-time">
      <span class="time">Execution Time : 00:00:00</span>
    </h5>
  
  <div class="step-info failed">
  
  <ul>
    <li class="step">
      <div class="step-txt">


  <i class="fa fa-plus-square" aria-hidden="true"></i>
  
  
    
      <span>
        Go to login page from main page
      </span>
    
  
  </div>

  </li></ul></div></div>
  <div class="concept-steps">
  
    
  
    
  
  <div class="step">
  
  
    <h5 class="execution-time">
      <span class="time">Execution Time : 00:00:00</span>
    </h5>
  
  <div class="step-info failed">
  
  <ul>
    <li class="step">
      <div class="step-txt">


  
  

  
  

  
  
  
  
  
    
      <span>
        Go to login page as guest user
      </span>
    
  
  </div>

  
    
        
  <div class="error-container failed">
    <div class="exception-container">
      <div class="exception">
        <h4 class="error-message">
          <pre>org.openqa.selenium.json.JsonException: java.lang.reflect.InvocationTargetException<br/>Build info: version: &#39;4.11.0&#39;, revision: &#39;040bc5406b&#39;<br/>System info: os.name: &#39;Mac OS X&#39;, os.arch: &#39;aarch64&#39;, os.version: &#39;14.5&#39;, java.version: &#39;20.0.2&#39;<br/>Driver info: org.openqa.selenium.chrome.ChromeDriver<br/>Command: [116173759b64d29a7306b04b3981b91c, actions {actions=[org.openqa.selenium.interactions.Sequence@2e7efd01]}]<br/>Capabilities {acceptInsecureCerts: false, browserName: chrome, browserVersion: 126.0.6478.183, chrome: {chromedriverVersion: 126.0.6478.182 (5b5d8292ddf..., userDataDir: /var/folders/fc/7xrvm23n7fl...}, fedcm:accounts: true, goog:chromeOptions: {debuggerAddress: localhost:63204}, networkConnectionEnabled: false, pageLoadStrategy: normal, platformName: mac, proxy: Proxy(), se:cdp: ws://localhost:63204/devtoo..., se:cdpVersion: 126.0.6478.183, setWindowRect: true, strictFileInteractability: false, timeouts: {implicit: 0, pageLoad: 300000, script: 30000}, unhandledPromptBehavior: dismiss and notify, webauthn:extension:credBlob: true, webauthn:extension:largeBlob: true, webauthn:extension:minPinLength: true, webauthn:extension:prf: true, webauthn:virtualAuthenticators: true}<br/>Session ID: 116173759b64d29a7306b04b3981b91c</pre>
        </h4>
        <pre class="stacktrace">org.openqa.selenium.json.JsonException: java.lang.reflect.InvocationTargetException<br/>Build info: version: &#39;4.11.0&#39;, revision: &#39;040bc5406b&#39;<br/>System info: os.name: &#39;Mac OS X&#39;, os.arch: &#39;aarch64&#39;, os.version: &#39;14.5&#39;, java.version: &#39;20.0.2&#39;<br/>Driver info: org.openqa.selenium.chrome.ChromeDriver<br/>Command: [116173759b64d29a7306b04b3981b91c, actions {actions=[org.openqa.selenium.interactions.Sequence@2e7efd01]}]<br/>Capabilities {acceptInsecureCerts: false, browserName: chrome, browserVersion: 126.0.6478.183, chrome: {chromedriverVersion: 126.0.6478.182 (5b5d8292ddf..., userDataDir: /var/folders/fc/7xrvm23n7fl...}, fedcm:accounts: true, goog:chromeOptions: {debuggerAddress: localhost:63204}, networkConnectionEnabled: false, pageLoadStrategy: normal, platformName: mac, proxy: Proxy(), se:cdp: ws://localhost:63204/devtoo..., se:cdpVersion: 126.0.6478.183, setWindowRect: true, strictFileInteractability: false, timeouts: {implicit: 0, pageLoad: 300000, script: 30000}, unhandledPromptBehavior: dismiss and notify, webauthn:extension:credBlob: true, webauthn:extension:largeBlob: true, webauthn:extension:minPinLength: true, webauthn:extension:prf: true, webauthn:virtualAuthenticators: true}<br/>Session ID: 116173759b64d29a7306b04b3981b91c<br/>	at org.openqa.selenium.json.JsonOutput.convertUsingMethod(JsonOutput.java:415)<br/>	at org.openqa.selenium.json.JsonOutput.lambda$new$16(JsonOutput.java:178)<br/>	at org.openqa.selenium.json.JsonOutput.write0(JsonOutput.java:341)<br/>	at org.openqa.selenium.json.JsonOutput.lambda$new$22(JsonOutput.java:200)<br/>	at java.base/java.util.stream.ForEachOps$ForEachOp$OfRef.accept(ForEachOps.java:183)<br/>	at java.base/java.util.stream.ReferencePipeline$2$1.accept(ReferencePipeline.java:179)<br/>	at java.base/java.util.Iterator.forEachRemaining(Iterator.java:133)<br/>	at java.base/java.util.Spliterators$IteratorSpliterator.forEachRemaining(Spliterators.java:1921)<br/>	at java.base/java.util.stream.AbstractPipeline.copyInto(AbstractPipeline.java:509)<br/>	at java.base/java.util.stream.AbstractPipeline.wrapAndCopyInto(AbstractPipeline.java:499)<br/>	at java.base/java.util.stream.ForEachOps$ForEachOp.evaluateSequential(ForEachOps.java:150)<br/>	at java.base/java.util.stream.ForEachOps$ForEachOp$OfRef.evaluateSequential(ForEachOps.java:173)<br/>	at java.base/java.util.stream.AbstractPipeline.evaluate(AbstractPipeline.java:234)<br/>	at java.base/java.util.stream.ReferencePipeline.forEach(ReferencePipeline.java:596)<br/>	at org.openqa.selenium.json.JsonOutput.lambda$new$23(JsonOutput.java:200)<br/>	at org.openqa.selenium.json.JsonOutput.write0(JsonOutput.java:341)<br/>	at org.openqa.selenium.json.JsonOutput.lambda$new$24(JsonOutput.java:218)<br/>	at com.google.common.collect.SingletonImmutableBiMap.forEach(SingletonImmutableBiMap.java:70)<br/>	at org.openqa.selenium.json.JsonOutput.lambda$new$25(JsonOutput.java:213)<br/>	at org.openqa.selenium.json.JsonOutput.write0(JsonOutput.java:341)<br/>	at org.openqa.selenium.json.JsonOutput.write(JsonOutput.java:332)<br/>	at org.openqa.selenium.json.Json.toJson(Json.java:47)<br/>	at org.openqa.selenium.json.Json.toJson(Json.java:41)<br/>	at org.openqa.selenium.remote.codec.AbstractHttpCommandCodec.encode(AbstractHttpCommandCodec.java:273)<br/>	at org.openqa.selenium.remote.codec.AbstractHttpCommandCodec.encode(AbstractHttpCommandCodec.java:127)<br/>	at org.openqa.selenium.remote.HttpCommandExecutor.execute(HttpCommandExecutor.java:179)<br/>	at org.openqa.selenium.remote.service.DriverCommandExecutor.invokeExecute(DriverCommandExecutor.java:196)<br/>	at org.openqa.selenium.remote.service.DriverCommandExecutor.execute(DriverCommandExecutor.java:171)<br/>	at org.openqa.selenium.remote.RemoteWebDriver.execute(RemoteWebDriver.java:518)<br/>	at org.openqa.selenium.remote.RemoteWebDriver.perform(RemoteWebDriver.java:604)<br/>	at org.openqa.selenium.interactions.Actions$BuiltAction.perform(Actions.java:605)<br/>	at org.openqa.selenium.interactions.Actions.perform(Actions.java:574)<br/>	at StepImplementation.GoToLoginPageAsGuestUser(StepImplementation.java:58)<br/>	at java.base/jdk.internal.reflect.DirectMethodHandleAccessor.invoke(DirectMethodHandleAccessor.java:104)<br/>	at java.base/java.lang.reflect.Method.invoke(Method.java:578)<br/>	at com.thoughtworks.gauge.execution.MethodExecutor.execute(MethodExecutor.java:30)<br/>	at com.thoughtworks.gauge.execution.StepExecutionStage.executeStepMethod(StepExecutionStage.java:66)<br/>	at com.thoughtworks.gauge.execution.StepExecutionStage.executeStep(StepExecutionStage.java:59)<br/>	at com.thoughtworks.gauge.execution.StepExecutionStage.execute(StepExecutionStage.java:41)<br/>	at com.thoughtworks.gauge.execution.AbstractExecutionStage.executeNext(AbstractExecutionStage.java:14)<br/>	at com.thoughtworks.gauge.execution.HookExecutionStage.execute(HookExecutionStage.java:33)<br/>	at com.thoughtworks.gauge.execution.ExecutionPipeline.start(ExecutionPipeline.java:19)<br/>	at com.thoughtworks.gauge.processor.ExecuteStepProcessor.process(ExecuteStepProcessor.java:44)<br/>	at com.thoughtworks.gauge.RunnerServiceHandler.lambda$executeStep$7(RunnerServiceHandler.java:166)<br/>	at java.base/java.util.concurrent.ThreadPoolExecutor.runWorker(ThreadPoolExecutor.java:1144)<br/>	at java.base/java.util.concurrent.ThreadPoolExecutor$Worker.run(ThreadPoolExecutor.java:642)<br/>	at java.base/java.lang.Thread.run(Thread.java:1623)<br/>	Suppressed: org.openqa.selenium.json.JsonException: Attempting to close incomplete json stream<br/>Build info: version: &#39;4.11.0&#39;, revision: &#39;040bc5406b&#39;<br/>System info: os.name: &#39;Mac OS X&#39;, os.arch: &#39;aarch64&#39;, os.version: &#39;14.5&#39;, java.version: &#39;20.0.2&#39;<br/>Driver info: driver.version: RemoteWebDriver<br/>		at org.openqa.selenium.json.JsonOutput.close(JsonOutput.java:357)<br/>		at org.openqa.selenium.json.Json.toJson(Json.java:45)<br/>		... 25 more<br/>Caused by: java.lang.reflect.InvocationTargetException<br/>	at java.base/jdk.internal.reflect.DirectMethodHandleAccessor.invoke(DirectMethodHandleAccessor.java:119)<br/>	at java.base/java.lang.reflect.Method.invoke(Method.java:578)<br/>	at org.openqa.selenium.json.JsonOutput.convertUsingMethod(JsonOutput.java:411)<br/>	... 46 more<br/>Caused by: org.openqa.selenium.NoSuchWindowException: no such window: target window already closed<br/>from unknown error: web view not found<br/>  (Session info: chrome=126.0.6478.183)<br/>Build info: version: &#39;4.11.0&#39;, revision: &#39;040bc5406b&#39;<br/>System info: os.name: &#39;Mac OS X&#39;, os.arch: &#39;aarch64&#39;, os.version: &#39;14.5&#39;, java.version: &#39;20.0.2&#39;<br/>Driver info: org.openqa.selenium.chrome.ChromeDriver<br/>Command: [116173759b64d29a7306b04b3981b91c, findElement {using=id, value=myAccount}]<br/>Capabilities {acceptInsecureCerts: false, browserName: chrome, browserVersion: 126.0.6478.183, chrome: {chromedriverVersion: 126.0.6478.182 (5b5d8292ddf..., userDataDir: /var/folders/fc/7xrvm23n7fl...}, fedcm:accounts: true, goog:chromeOptions: {debuggerAddress: localhost:63204}, networkConnectionEnabled: false, pageLoadStrategy: normal, platformName: mac, proxy: Proxy(), se:cdp: ws://localhost:63204/devtoo..., se:cdpVersion: 126.0.6478.183, setWindowRect: true, strictFileInteractability: false, timeouts: {implicit: 0, pageLoad: 300000, script: 30000}, unhandledPromptBehavior: dismiss and notify, webauthn:extension:credBlob: true, webauthn:extension:largeBlob: true, webauthn:extension:minPinLength: true, webauthn:extension:prf: true, webauthn:virtualAuthenticators: true}<br/>Session ID: 116173759b64d29a7306b04b3981b91c<br/>	at java.base/jdk.internal.reflect.DirectConstructorHandleAccessor.newInstance(DirectConstructorHandleAccessor.java:67)<br/>	at java.base/java.lang.reflect.Constructor.newInstanceWithCaller(Constructor.java:500)<br/>	at java.base/java.lang.reflect.Constructor.newInstance(Constructor.java:484)<br/>	at org.openqa.selenium.remote.codec.w3c.W3CHttpResponseCodec.createException(W3CHttpResponseCodec.java:200)<br/>	at org.openqa.selenium.remote.codec.w3c.W3CHttpResponseCodec.decode(W3CHttpResponseCodec.java:133)<br/>	at org.openqa.selenium.remote.codec.w3c.W3CHttpResponseCodec.decode(W3CHttpResponseCodec.java:52)<br/>	at org.openqa.selenium.remote.HttpCommandExecutor.execute(HttpCommandExecutor.java:191)<br/>	at org.openqa.selenium.remote.service.DriverCommandExecutor.invokeExecute(DriverCommandExecutor.java:196)<br/>	at org.openqa.selenium.remote.service.DriverCommandExecutor.execute(DriverCommandExecutor.java:171)<br/>	at org.openqa.selenium.remote.RemoteWebDriver.execute(RemoteWebDriver.java:518)<br/>	at org.openqa.selenium.remote.ElementLocation$ElementFinder$2.findElement(ElementLocation.java:165)<br/>	at org.openqa.selenium.remote.ElementLocation.findElement(ElementLocation.java:59)<br/>	at org.openqa.selenium.remote.RemoteWebDriver.findElement(RemoteWebDriver.java:355)<br/>	at org.openqa.selenium.remote.RemoteWebDriver.findElement(RemoteWebDriver.java:349)<br/>	at org.openqa.selenium.support.pagefactory.DefaultElementLocator.findElement(DefaultElementLocator.java:68)<br/>	at org.openqa.selenium.support.pagefactory.internal.LocatingElementHandler.invoke(LocatingElementHandler.java:38)<br/>	at jdk.proxy2/jdk.proxy2.$Proxy36.getWrappedElement(Unknown Source)<br/>	at org.openqa.selenium.interactions.PointerInput$Origin.asArg(PointerInput.java:275)<br/>	at org.openqa.selenium.interactions.PointerInput$Move.encode(PointerInput.java:224)<br/>	at org.openqa.selenium.interactions.Sequence.encode(Sequence.java:72)<br/>	at org.openqa.selenium.interactions.Sequence.toJson(Sequence.java:81)<br/>	at java.base/jdk.internal.reflect.DirectMethodHandleAccessor.invoke(DirectMethodHandleAccessor.java:104)<br/>	... 48 more<br/></pre>
      </div>
      
         <div class="screenshot-container">
          <div class="screenshot">
            <a href="../../images/screenshot-739426a2-75d7-46b2-9363-464ce31c959e.png" rel="lightbox">
              <img src="../../images/screenshot-739426a2-75d7-46b2-9363-464ce31c959e.png" class="screenshot-thumbnail" />
            </a>
          </div>
        </div>
      
    </div>
  </div>

    
    
  

    
    
  

  
  
  
  

  
  

  
	</li></ul></div></div>
  
    
  

  

  
  </div>

  

  
    
  
    
  
  <div class="step">
  
  
    <h5 class="execution-time">
      <span class="time">Execution Time : 00:00:00</span>
    </h5>
  
  <div class="step-info not-executed">
  
  <ul>
    <li class="step">
      <div class="step-txt">


  
  

  
  

  
  
  
  
  
    
      <span>
        Enter 
      </span>
    
  
    
      <span class="parameter">"example3@gmail.com"</span>
    
  
    
      <span>
         and 
      </span>
    
  
    
      <span class="parameter">"C123"</span>
    
  
  </div>

  
    
    
  

    
    
  

  
  
  
  

  
  

  
	</li></ul></div></div>
  
    
  

  

  
    
  
    
  
  <div class="step">
  
  
    <h5 class="execution-time">
      <span class="time">Execution Time : 00:00:00</span>
    </h5>
  
  <div class="step-info not-executed">
  
  <ul>
    <li class="step">
      <div class="step-txt">


  
  

  
  

  
  
  
  
  
    
      <span>
        Click login button
      </span>
    
  
  </div>

  
    
    
  

    
    
  

  
  
  
  

  
  

  
	</li></ul></div></div>
  
    
  

  

  
    
  
    
  
  <div class="step">
  
  
    <h5 class="execution-time">
      <span class="time">Execution Time : 00:00:00</span>
    </h5>
  
  <div class="step-info not-executed">
  
  <ul>
    <li class="step">
      <div class="step-txt">


  
  

  
  

  
  
  
  
  
    
      <span>
        Verify attempt of unsuccessful login unexpected login
      </span>
    
  
  </div>

  
    
    
  

    
    
  

  
  
  
  

  
  

  
	</li></ul></div></div>
  
    
  

  

  
    
  
    
  
  <div class="step">
  
  
    <h5 class="execution-time">
      <span class="time">Execution Time : 00:00:00</span>
    </h5>
  
  <div class="step-info not-executed">
  
  <ul>
    <li class="step">
      <div class="step-txt">


  
  

  
  

  
  
  
  
  
    
      <span>
        Close the driver
      </span>
    
  
  </div>

  
    
    
  

    
    
  

  
  
  
  

  
  

  
	</li></ul></div></div>
  
    
  

  

  
  

  
  

  
  

  
	
	</div>

      

    </div>
    </div>

    
  

    
    
    
    </div>
  

		</div>
	

 	</div>
	</main>
	
  <footer class="footer">
    <div class="container">
      <p>Generated by Gauge HTML Report</p>
    </div>
  </footer>

	
    <script type="text/javascript">
      var loadingImage = "../../images/loading.gif";
      var closeButton = "../../images/close.gif";
    </script>
    <script src="../../js/lightbox.js"></script>
    <script src="../../js/jquery-3.1.0.min.js" type="text/javascript"></script>
    <script src="../../js/auto-complete.min.js" type="text/javascript"></script>
    <script src="../../js/clipboard.min.js" type="text/javascript"></script>
    <script src="../../js/search_index.js" type="text/javascript"></script>
    <script src="../../js/main.js" type="text/javascript"></script>
    </body>
  </html>

